{"/Users/fock/appworks/fastnote/backend/app.js": {"path":"/Users/fock/appworks/fastnote/backend/app.js","statementMap":{"0":{"start":{"line":14,"column":0},"end":{"line":14,"column":16}},"1":{"start":{"line":15,"column":12},"end":{"line":15,"column":21}},"2":{"start":{"line":16,"column":0},"end":{"line":16,"column":12}},"3":{"start":{"line":18,"column":0},"end":{"line":18,"column":27}},"4":{"start":{"line":19,"column":0},"end":{"line":19,"column":24}},"5":{"start":{"line":20,"column":0},"end":{"line":20,"column":27}},"6":{"start":{"line":23,"column":0},"end":{"line":23,"column":30}},"7":{"start":{"line":24,"column":0},"end":{"line":24,"column":42}},"8":{"start":{"line":25,"column":0},"end":{"line":25,"column":36}},"9":{"start":{"line":26,"column":0},"end":{"line":26,"column":28}},"10":{"start":{"line":27,"column":0},"end":{"line":27,"column":30}},"11":{"start":{"line":30,"column":0},"end":{"line":34,"column":2}},"12":{"start":{"line":36,"column":13},"end":{"line":36,"column":37}},"13":{"start":{"line":38,"column":0},"end":{"line":42,"column":1}},"14":{"start":{"line":39,"column":2},"end":{"line":41,"column":5}},"15":{"start":{"line":40,"column":4},"end":{"line":40,"column":52}}},"fnMap":{"0":{"name":"(anonymous_0)","decl":{"start":{"line":39,"column":19},"end":{"line":39,"column":20}},"loc":{"start":{"line":39,"column":31},"end":{"line":41,"column":3}},"line":39}},"branchMap":{"0":{"loc":{"start":{"line":36,"column":13},"end":{"line":36,"column":37}},"type":"binary-expr","locations":[{"start":{"line":36,"column":13},"end":{"line":36,"column":29}},{"start":{"line":36,"column":33},"end":{"line":36,"column":37}}],"line":36},"1":{"loc":{"start":{"line":38,"column":0},"end":{"line":42,"column":1}},"type":"if","locations":[{"start":{"line":38,"column":0},"end":{"line":42,"column":1}},{"start":{},"end":{}}],"line":38}},"s":{"0":10,"1":10,"2":10,"3":10,"4":10,"5":10,"6":10,"7":10,"8":10,"9":10,"10":10,"11":10,"12":10,"13":10,"14":0,"15":0},"f":{"0":0},"b":{"0":[10,0],"1":[0,10]},"_coverageSchema":"1a1c01bbd47fc00a2c39e90264f33305004495a9","hash":"4d3f80a9c8f42bf3fd4c4cc125c397ad8a4be3a6"}
,"/Users/fock/appworks/fastnote/backend/configs/Configs.js": {"path":"/Users/fock/appworks/fastnote/backend/configs/Configs.js","statementMap":{"0":{"start":{"line":1,"column":26},"end":{"line":1,"column":28}},"1":{"start":{"line":2,"column":27},"end":{"line":2,"column":46}},"2":{"start":{"line":3,"column":24},"end":{"line":3,"column":25}},"3":{"start":{"line":4,"column":27},"end":{"line":7,"column":1}},"4":{"start":{"line":8,"column":37},"end":{"line":8,"column":42}}},"fnMap":{},"branchMap":{},"s":{"0":10,"1":10,"2":10,"3":10,"4":10},"f":{},"b":{},"_coverageSchema":"1a1c01bbd47fc00a2c39e90264f33305004495a9","hash":"2ceb4890679bc4e101e7c132a2e5ddea2693713b"}
,"/Users/fock/appworks/fastnote/backend/controllers/documents.js": {"path":"/Users/fock/appworks/fastnote/backend/controllers/documents.js","statementMap":{"0":{"start":{"line":12,"column":31},"end":{"line":22,"column":1}},"1":{"start":{"line":14,"column":21},"end":{"line":14,"column":30}},"2":{"start":{"line":15,"column":2},"end":{"line":16,"column":76}},"3":{"start":{"line":16,"column":4},"end":{"line":16,"column":76}},"4":{"start":{"line":19,"column":20},"end":{"line":19,"column":74}},"5":{"start":{"line":21,"column":2},"end":{"line":21,"column":51}},"6":{"start":{"line":25,"column":33},"end":{"line":35,"column":1}},"7":{"start":{"line":26,"column":26},"end":{"line":26,"column":36}},"8":{"start":{"line":27,"column":2},"end":{"line":27,"column":26}},"9":{"start":{"line":29,"column":19},"end":{"line":29,"column":45}},"10":{"start":{"line":30,"column":2},"end":{"line":32,"column":3}},"11":{"start":{"line":31,"column":4},"end":{"line":31,"column":65}},"12":{"start":{"line":34,"column":2},"end":{"line":34,"column":50}},"13":{"start":{"line":38,"column":30},"end":{"line":53,"column":1}},"14":{"start":{"line":39,"column":32},"end":{"line":39,"column":40}},"15":{"start":{"line":40,"column":26},"end":{"line":40,"column":36}},"16":{"start":{"line":41,"column":2},"end":{"line":52,"column":3}},"17":{"start":{"line":43,"column":20},"end":{"line":43,"column":64}},"18":{"start":{"line":44,"column":4},"end":{"line":45,"column":74}},"19":{"start":{"line":45,"column":6},"end":{"line":45,"column":74}},"20":{"start":{"line":48,"column":17},"end":{"line":48,"column":64}},"21":{"start":{"line":49,"column":4},"end":{"line":49,"column":75}},"22":{"start":{"line":51,"column":4},"end":{"line":51,"column":54}},"23":{"start":{"line":56,"column":30},"end":{"line":62,"column":1}},"24":{"start":{"line":57,"column":39},"end":{"line":57,"column":47}},"25":{"start":{"line":58,"column":17},"end":{"line":58,"column":29}},"26":{"start":{"line":60,"column":19},"end":{"line":60,"column":72}},"27":{"start":{"line":61,"column":2},"end":{"line":61,"column":74}},"28":{"start":{"line":65,"column":30},"end":{"line":82,"column":1}},"29":{"start":{"line":66,"column":26},"end":{"line":66,"column":36}},"30":{"start":{"line":69,"column":18},"end":{"line":69,"column":62}},"31":{"start":{"line":70,"column":2},"end":{"line":71,"column":65}},"32":{"start":{"line":71,"column":4},"end":{"line":71,"column":65}},"33":{"start":{"line":73,"column":2},"end":{"line":74,"column":72}},"34":{"start":{"line":74,"column":4},"end":{"line":74,"column":72}},"35":{"start":{"line":76,"column":19},"end":{"line":76,"column":47}},"36":{"start":{"line":77,"column":2},"end":{"line":77,"column":78}},"37":{"start":{"line":77,"column":17},"end":{"line":77,"column":78}},"38":{"start":{"line":79,"column":2},"end":{"line":81,"column":65}},"39":{"start":{"line":85,"column":33},"end":{"line":96,"column":1}},"40":{"start":{"line":86,"column":26},"end":{"line":86,"column":36}},"41":{"start":{"line":89,"column":23},"end":{"line":89,"column":62}},"42":{"start":{"line":90,"column":17},"end":{"line":90,"column":62}},"43":{"start":{"line":91,"column":2},"end":{"line":93,"column":3}},"44":{"start":{"line":92,"column":4},"end":{"line":92,"column":80}},"45":{"start":{"line":95,"column":2},"end":{"line":95,"column":79}},"46":{"start":{"line":99,"column":26},"end":{"line":103,"column":1}},"47":{"start":{"line":100,"column":17},"end":{"line":100,"column":29}},"48":{"start":{"line":101,"column":15},"end":{"line":101,"column":38}},"49":{"start":{"line":102,"column":2},"end":{"line":102,"column":40}},"50":{"start":{"line":106,"column":29},"end":{"line":117,"column":1}},"51":{"start":{"line":107,"column":17},"end":{"line":107,"column":29}},"52":{"start":{"line":108,"column":36},"end":{"line":108,"column":44}},"53":{"start":{"line":110,"column":2},"end":{"line":112,"column":3}},"54":{"start":{"line":111,"column":4},"end":{"line":111,"column":66}},"55":{"start":{"line":114,"column":2},"end":{"line":114,"column":45}},"56":{"start":{"line":116,"column":2},"end":{"line":116,"column":72}}},"fnMap":{"0":{"name":"(anonymous_0)","decl":{"start":{"line":12,"column":31},"end":{"line":12,"column":32}},"loc":{"start":{"line":12,"column":51},"end":{"line":22,"column":1}},"line":12},"1":{"name":"(anonymous_1)","decl":{"start":{"line":25,"column":33},"end":{"line":25,"column":34}},"loc":{"start":{"line":25,"column":53},"end":{"line":35,"column":1}},"line":25},"2":{"name":"(anonymous_2)","decl":{"start":{"line":38,"column":30},"end":{"line":38,"column":31}},"loc":{"start":{"line":38,"column":50},"end":{"line":53,"column":1}},"line":38},"3":{"name":"(anonymous_3)","decl":{"start":{"line":56,"column":30},"end":{"line":56,"column":31}},"loc":{"start":{"line":56,"column":50},"end":{"line":62,"column":1}},"line":56},"4":{"name":"(anonymous_4)","decl":{"start":{"line":65,"column":30},"end":{"line":65,"column":31}},"loc":{"start":{"line":65,"column":50},"end":{"line":82,"column":1}},"line":65},"5":{"name":"(anonymous_5)","decl":{"start":{"line":85,"column":33},"end":{"line":85,"column":34}},"loc":{"start":{"line":85,"column":53},"end":{"line":96,"column":1}},"line":85},"6":{"name":"(anonymous_6)","decl":{"start":{"line":99,"column":26},"end":{"line":99,"column":27}},"loc":{"start":{"line":99,"column":46},"end":{"line":103,"column":1}},"line":99},"7":{"name":"(anonymous_7)","decl":{"start":{"line":106,"column":29},"end":{"line":106,"column":30}},"loc":{"start":{"line":106,"column":49},"end":{"line":117,"column":1}},"line":106}},"branchMap":{"0":{"loc":{"start":{"line":15,"column":2},"end":{"line":16,"column":76}},"type":"if","locations":[{"start":{"line":15,"column":2},"end":{"line":16,"column":76}},{"start":{},"end":{}}],"line":15},"1":{"loc":{"start":{"line":30,"column":2},"end":{"line":32,"column":3}},"type":"if","locations":[{"start":{"line":30,"column":2},"end":{"line":32,"column":3}},{"start":{},"end":{}}],"line":30},"2":{"loc":{"start":{"line":44,"column":4},"end":{"line":45,"column":74}},"type":"if","locations":[{"start":{"line":44,"column":4},"end":{"line":45,"column":74}},{"start":{},"end":{}}],"line":44},"3":{"loc":{"start":{"line":70,"column":2},"end":{"line":71,"column":65}},"type":"if","locations":[{"start":{"line":70,"column":2},"end":{"line":71,"column":65}},{"start":{},"end":{}}],"line":70},"4":{"loc":{"start":{"line":73,"column":2},"end":{"line":74,"column":72}},"type":"if","locations":[{"start":{"line":73,"column":2},"end":{"line":74,"column":72}},{"start":{},"end":{}}],"line":73},"5":{"loc":{"start":{"line":77,"column":2},"end":{"line":77,"column":78}},"type":"if","locations":[{"start":{"line":77,"column":2},"end":{"line":77,"column":78}},{"start":{},"end":{}}],"line":77},"6":{"loc":{"start":{"line":91,"column":2},"end":{"line":93,"column":3}},"type":"if","locations":[{"start":{"line":91,"column":2},"end":{"line":93,"column":3}},{"start":{},"end":{}}],"line":91},"7":{"loc":{"start":{"line":108,"column":10},"end":{"line":108,"column":19}},"type":"default-arg","locations":[{"start":{"line":108,"column":17},"end":{"line":108,"column":19}}],"line":108},"8":{"loc":{"start":{"line":110,"column":2},"end":{"line":112,"column":3}},"type":"if","locations":[{"start":{"line":110,"column":2},"end":{"line":112,"column":3}},{"start":{},"end":{}}],"line":110}},"s":{"0":10,"1":3,"2":3,"3":1,"4":2,"5":2,"6":10,"7":1,"8":1,"9":1,"10":1,"11":0,"12":1,"13":10,"14":2,"15":2,"16":2,"17":2,"18":2,"19":1,"20":1,"21":1,"22":0,"23":10,"24":2,"25":2,"26":2,"27":2,"28":10,"29":3,"30":3,"31":3,"32":1,"33":2,"34":1,"35":1,"36":1,"37":0,"38":1,"39":10,"40":2,"41":2,"42":2,"43":2,"44":1,"45":1,"46":10,"47":1,"48":1,"49":1,"50":10,"51":2,"52":2,"53":2,"54":1,"55":1,"56":1},"f":{"0":3,"1":1,"2":2,"3":2,"4":3,"5":2,"6":1,"7":2},"b":{"0":[1,2],"1":[0,1],"2":[1,1],"3":[1,2],"4":[1,1],"5":[0,1],"6":[1,1],"7":[1],"8":[1,1]},"_coverageSchema":"1a1c01bbd47fc00a2c39e90264f33305004495a9","hash":"c13a6de8a69498c9efe3ffe798970c696cf3e193"}
,"/Users/fock/appworks/fastnote/backend/controllers/healthCheck.js": {"path":"/Users/fock/appworks/fastnote/backend/controllers/healthCheck.js","statementMap":{"0":{"start":{"line":1,"column":33},"end":{"line":9,"column":1}},"1":{"start":{"line":2,"column":22},"end":{"line":2,"column":31}},"2":{"start":{"line":4,"column":13},"end":{"line":4,"column":75}},"3":{"start":{"line":7,"column":2},"end":{"line":7,"column":66}},"4":{"start":{"line":8,"column":2},"end":{"line":8,"column":43}},"5":{"start":{"line":11,"column":27},"end":{"line":13,"column":1}},"6":{"start":{"line":12,"column":2},"end":{"line":12,"column":48}}},"fnMap":{"0":{"name":"(anonymous_0)","decl":{"start":{"line":1,"column":33},"end":{"line":1,"column":34}},"loc":{"start":{"line":1,"column":47},"end":{"line":9,"column":1}},"line":1},"1":{"name":"(anonymous_1)","decl":{"start":{"line":11,"column":27},"end":{"line":11,"column":28}},"loc":{"start":{"line":11,"column":41},"end":{"line":13,"column":1}},"line":11}},"branchMap":{"0":{"loc":{"start":{"line":4,"column":13},"end":{"line":4,"column":75}},"type":"binary-expr","locations":[{"start":{"line":4,"column":13},"end":{"line":4,"column":43}},{"start":{"line":4,"column":47},"end":{"line":4,"column":75}}],"line":4}},"s":{"0":10,"1":4,"2":4,"3":4,"4":4,"5":10,"6":2},"f":{"0":4,"1":2},"b":{"0":[4,4]},"_coverageSchema":"1a1c01bbd47fc00a2c39e90264f33305004495a9","hash":"a24988f3734d3d19ce753ffcd95e48da6f4f49b6"}
,"/Users/fock/appworks/fastnote/backend/controllers/images.js": {"path":"/Users/fock/appworks/fastnote/backend/controllers/images.js","statementMap":{"0":{"start":{"line":3,"column":27},"end":{"line":19,"column":1}},"1":{"start":{"line":4,"column":2},"end":{"line":18,"column":3}},"2":{"start":{"line":5,"column":23},"end":{"line":5,"column":25}},"3":{"start":{"line":7,"column":4},"end":{"line":10,"column":5}},"4":{"start":{"line":8,"column":23},"end":{"line":8,"column":45}},"5":{"start":{"line":9,"column":6},"end":{"line":9,"column":32}},"6":{"start":{"line":12,"column":4},"end":{"line":15,"column":7}},"7":{"start":{"line":17,"column":4},"end":{"line":17,"column":78}}},"fnMap":{"0":{"name":"(anonymous_0)","decl":{"start":{"line":3,"column":27},"end":{"line":3,"column":28}},"loc":{"start":{"line":3,"column":47},"end":{"line":19,"column":1}},"line":3}},"branchMap":{},"s":{"0":10,"1":0,"2":0,"3":0,"4":0,"5":0,"6":0,"7":0},"f":{"0":0},"b":{},"_coverageSchema":"1a1c01bbd47fc00a2c39e90264f33305004495a9","hash":"ffa955b5eb9ea74c70dfc18d269cb58c7b0ff73b"}
,"/Users/fock/appworks/fastnote/backend/controllers/users.js": {"path":"/Users/fock/appworks/fastnote/backend/controllers/users.js","statementMap":{"0":{"start":{"line":5,"column":30},"end":{"line":9,"column":1}},"1":{"start":{"line":6,"column":15},"end":{"line":6,"column":40}},"2":{"start":{"line":7,"column":23},"end":{"line":7,"column":57}},"3":{"start":{"line":8,"column":2},"end":{"line":8,"column":54}}},"fnMap":{"0":{"name":"(anonymous_0)","decl":{"start":{"line":5,"column":30},"end":{"line":5,"column":31}},"loc":{"start":{"line":5,"column":50},"end":{"line":9,"column":1}},"line":5}},"branchMap":{},"s":{"0":10,"1":0,"2":0,"3":0},"f":{"0":0},"b":{},"_coverageSchema":"1a1c01bbd47fc00a2c39e90264f33305004495a9","hash":"c42152054d839446f3dbf69efafdf3aec0845150"}
,"/Users/fock/appworks/fastnote/backend/middleware/Authentication.js": {"path":"/Users/fock/appworks/fastnote/backend/middleware/Authentication.js","statementMap":{"0":{"start":{"line":2,"column":19},"end":{"line":2,"column":30}},"1":{"start":{"line":7,"column":28},"end":{"line":21,"column":1}},"2":{"start":{"line":8,"column":28},"end":{"line":8,"column":39}},"3":{"start":{"line":9,"column":2},"end":{"line":10,"column":74}},"4":{"start":{"line":10,"column":4},"end":{"line":10,"column":74}},"5":{"start":{"line":11,"column":16},"end":{"line":11,"column":43}},"6":{"start":{"line":12,"column":19},"end":{"line":12,"column":47}},"7":{"start":{"line":14,"column":2},"end":{"line":20,"column":3}},"8":{"start":{"line":15,"column":17},"end":{"line":15,"column":57}},"9":{"start":{"line":16,"column":4},"end":{"line":16,"column":20}},"10":{"start":{"line":17,"column":4},"end":{"line":17,"column":11}},"11":{"start":{"line":19,"column":4},"end":{"line":19,"column":53}},"12":{"start":{"line":23,"column":26},"end":{"line":60,"column":1}},"13":{"start":{"line":24,"column":17},"end":{"line":24,"column":37}},"14":{"start":{"line":25,"column":17},"end":{"line":28,"column":4}},"15":{"start":{"line":37,"column":6},"end":{"line":37,"column":25}},"16":{"start":{"line":40,"column":2},"end":{"line":45,"column":3}},"17":{"start":{"line":44,"column":4},"end":{"line":44,"column":44}},"18":{"start":{"line":48,"column":2},"end":{"line":50,"column":3}},"19":{"start":{"line":49,"column":4},"end":{"line":49,"column":46}},"20":{"start":{"line":53,"column":14},"end":{"line":53,"column":43}},"21":{"start":{"line":54,"column":2},"end":{"line":56,"column":3}},"22":{"start":{"line":55,"column":4},"end":{"line":55,"column":41}},"23":{"start":{"line":59,"column":2},"end":{"line":59,"column":42}},"24":{"start":{"line":62,"column":34},"end":{"line":73,"column":1}},"25":{"start":{"line":63,"column":19},"end":{"line":63,"column":47}},"26":{"start":{"line":64,"column":23},"end":{"line":64,"column":55}},"27":{"start":{"line":65,"column":17},"end":{"line":65,"column":66}},"28":{"start":{"line":66,"column":2},"end":{"line":72,"column":3}},"29":{"start":{"line":67,"column":23},"end":{"line":67,"column":59}},"30":{"start":{"line":68,"column":4},"end":{"line":68,"column":40}},"31":{"start":{"line":70,"column":4},"end":{"line":70,"column":65}},"32":{"start":{"line":71,"column":4},"end":{"line":71,"column":56}},"33":{"start":{"line":75,"column":26},"end":{"line":96,"column":1}},"34":{"start":{"line":76,"column":28},"end":{"line":76,"column":39}},"35":{"start":{"line":78,"column":2},"end":{"line":79,"column":71}},"36":{"start":{"line":79,"column":4},"end":{"line":79,"column":71}},"37":{"start":{"line":81,"column":16},"end":{"line":81,"column":43}},"38":{"start":{"line":83,"column":2},"end":{"line":95,"column":3}},"39":{"start":{"line":85,"column":17},"end":{"line":85,"column":30}},"40":{"start":{"line":88,"column":4},"end":{"line":88,"column":20}},"41":{"start":{"line":91,"column":4},"end":{"line":91,"column":11}},"42":{"start":{"line":93,"column":4},"end":{"line":93,"column":25}},"43":{"start":{"line":94,"column":4},"end":{"line":94,"column":77}},"44":{"start":{"line":98,"column":29},"end":{"line":116,"column":1}},"45":{"start":{"line":99,"column":13},"end":{"line":99,"column":75}},"46":{"start":{"line":100,"column":27},"end":{"line":100,"column":35}},"47":{"start":{"line":101,"column":21},"end":{"line":101,"column":58}},"48":{"start":{"line":103,"column":13},"end":{"line":103,"column":54}},"49":{"start":{"line":105,"column":2},"end":{"line":112,"column":3}},"50":{"start":{"line":106,"column":4},"end":{"line":109,"column":7}},"51":{"start":{"line":111,"column":4},"end":{"line":111,"column":22}},"52":{"start":{"line":114,"column":2},"end":{"line":114,"column":18}},"53":{"start":{"line":115,"column":2},"end":{"line":115,"column":9}}},"fnMap":{"0":{"name":"(anonymous_0)","decl":{"start":{"line":7,"column":28},"end":{"line":7,"column":29}},"loc":{"start":{"line":7,"column":54},"end":{"line":21,"column":1}},"line":7},"1":{"name":"(anonymous_1)","decl":{"start":{"line":23,"column":26},"end":{"line":23,"column":27}},"loc":{"start":{"line":23,"column":53},"end":{"line":60,"column":1}},"line":23},"2":{"name":"(anonymous_2)","decl":{"start":{"line":62,"column":34},"end":{"line":62,"column":35}},"loc":{"start":{"line":62,"column":54},"end":{"line":73,"column":1}},"line":62},"3":{"name":"(anonymous_3)","decl":{"start":{"line":75,"column":26},"end":{"line":75,"column":27}},"loc":{"start":{"line":75,"column":52},"end":{"line":96,"column":1}},"line":75},"4":{"name":"(anonymous_4)","decl":{"start":{"line":98,"column":29},"end":{"line":98,"column":30}},"loc":{"start":{"line":98,"column":55},"end":{"line":116,"column":1}},"line":98}},"branchMap":{"0":{"loc":{"start":{"line":9,"column":2},"end":{"line":10,"column":74}},"type":"if","locations":[{"start":{"line":9,"column":2},"end":{"line":10,"column":74}},{"start":{},"end":{}}],"line":9},"1":{"loc":{"start":{"line":40,"column":2},"end":{"line":45,"column":3}},"type":"if","locations":[{"start":{"line":40,"column":2},"end":{"line":45,"column":3}},{"start":{},"end":{}}],"line":40},"2":{"loc":{"start":{"line":41,"column":4},"end":{"line":42,"column":41}},"type":"binary-expr","locations":[{"start":{"line":41,"column":4},"end":{"line":41,"column":49}},{"start":{"line":42,"column":4},"end":{"line":42,"column":41}}],"line":41},"3":{"loc":{"start":{"line":48,"column":2},"end":{"line":50,"column":3}},"type":"if","locations":[{"start":{"line":48,"column":2},"end":{"line":50,"column":3}},{"start":{},"end":{}}],"line":48},"4":{"loc":{"start":{"line":54,"column":2},"end":{"line":56,"column":3}},"type":"if","locations":[{"start":{"line":54,"column":2},"end":{"line":56,"column":3}},{"start":{},"end":{}}],"line":54},"5":{"loc":{"start":{"line":78,"column":2},"end":{"line":79,"column":71}},"type":"if","locations":[{"start":{"line":78,"column":2},"end":{"line":79,"column":71}},{"start":{},"end":{}}],"line":78},"6":{"loc":{"start":{"line":99,"column":13},"end":{"line":99,"column":75}},"type":"binary-expr","locations":[{"start":{"line":99,"column":13},"end":{"line":99,"column":43}},{"start":{"line":99,"column":47},"end":{"line":99,"column":75}}],"line":99},"7":{"loc":{"start":{"line":105,"column":2},"end":{"line":112,"column":3}},"type":"if","locations":[{"start":{"line":105,"column":2},"end":{"line":112,"column":3}},{"start":{},"end":{}}],"line":105}},"s":{"0":10,"1":10,"2":0,"3":0,"4":0,"5":0,"6":0,"7":0,"8":0,"9":0,"10":0,"11":0,"12":10,"13":0,"14":0,"15":0,"16":0,"17":0,"18":0,"19":0,"20":0,"21":0,"22":0,"23":0,"24":10,"25":0,"26":0,"27":0,"28":0,"29":0,"30":0,"31":0,"32":0,"33":10,"34":24,"35":24,"36":6,"37":18,"38":18,"39":18,"40":18,"41":18,"42":0,"43":0,"44":10,"45":0,"46":0,"47":0,"48":0,"49":0,"50":0,"51":0,"52":0,"53":0},"f":{"0":0,"1":0,"2":0,"3":24,"4":0},"b":{"0":[0,0],"1":[0,0],"2":[0,0],"3":[0,0],"4":[0,0],"5":[6,18],"6":[0,0],"7":[0,0]},"_coverageSchema":"1a1c01bbd47fc00a2c39e90264f33305004495a9","hash":"791d8e8d2808505cfb71e60b37c8da4bd22ba549"}
,"/Users/fock/appworks/fastnote/backend/middleware/RateLimit.js": {"path":"/Users/fock/appworks/fastnote/backend/middleware/RateLimit.js","statementMap":{"0":{"start":{"line":4,"column":33},"end":{"line":37,"column":1}},"1":{"start":{"line":5,"column":13},"end":{"line":5,"column":19}},"2":{"start":{"line":6,"column":14},"end":{"line":6,"column":33}},"3":{"start":{"line":7,"column":19},"end":{"line":7,"column":45}},"4":{"start":{"line":8,"column":27},"end":{"line":8,"column":29}},"5":{"start":{"line":9,"column":22},"end":{"line":9,"column":23}},"6":{"start":{"line":11,"column":2},"end":{"line":14,"column":3}},"7":{"start":{"line":12,"column":4},"end":{"line":12,"column":43}},"8":{"start":{"line":13,"column":4},"end":{"line":13,"column":44}},"9":{"start":{"line":16,"column":2},"end":{"line":29,"column":3}},"10":{"start":{"line":17,"column":18},"end":{"line":17,"column":38}},"11":{"start":{"line":18,"column":4},"end":{"line":18,"column":31}},"12":{"start":{"line":20,"column":4},"end":{"line":23,"column":5}},"13":{"start":{"line":22,"column":6},"end":{"line":22,"column":80}},"14":{"start":{"line":25,"column":4},"end":{"line":27,"column":7}},"15":{"start":{"line":28,"column":4},"end":{"line":28,"column":18}},"16":{"start":{"line":32,"column":2},"end":{"line":34,"column":5}},"17":{"start":{"line":36,"column":2},"end":{"line":36,"column":9}},"18":{"start":{"line":40,"column":22},"end":{"line":40,"column":24}},"19":{"start":{"line":42,"column":25},"end":{"line":65,"column":1}},"20":{"start":{"line":43,"column":13},"end":{"line":43,"column":19}},"21":{"start":{"line":44,"column":14},"end":{"line":44,"column":33}},"22":{"start":{"line":45,"column":27},"end":{"line":45,"column":29}},"23":{"start":{"line":46,"column":22},"end":{"line":46,"column":24}},"24":{"start":{"line":47,"column":2},"end":{"line":56,"column":3}},"25":{"start":{"line":48,"column":18},"end":{"line":48,"column":38}},"26":{"start":{"line":49,"column":4},"end":{"line":49,"column":31}},"27":{"start":{"line":51,"column":4},"end":{"line":53,"column":5}},"28":{"start":{"line":52,"column":6},"end":{"line":52,"column":80}},"29":{"start":{"line":54,"column":4},"end":{"line":54,"column":27}},"30":{"start":{"line":55,"column":4},"end":{"line":55,"column":18}},"31":{"start":{"line":58,"column":2},"end":{"line":58,"column":27}},"32":{"start":{"line":60,"column":2},"end":{"line":62,"column":25}},"33":{"start":{"line":61,"column":4},"end":{"line":61,"column":32}},"34":{"start":{"line":64,"column":2},"end":{"line":64,"column":9}}},"fnMap":{"0":{"name":"(anonymous_0)","decl":{"start":{"line":4,"column":33},"end":{"line":4,"column":34}},"loc":{"start":{"line":4,"column":59},"end":{"line":37,"column":1}},"line":4},"1":{"name":"(anonymous_1)","decl":{"start":{"line":42,"column":25},"end":{"line":42,"column":26}},"loc":{"start":{"line":42,"column":51},"end":{"line":65,"column":1}},"line":42},"2":{"name":"(anonymous_2)","decl":{"start":{"line":60,"column":13},"end":{"line":60,"column":14}},"loc":{"start":{"line":60,"column":19},"end":{"line":62,"column":3}},"line":60}},"branchMap":{"0":{"loc":{"start":{"line":11,"column":2},"end":{"line":14,"column":3}},"type":"if","locations":[{"start":{"line":11,"column":2},"end":{"line":14,"column":3}},{"start":{},"end":{}}],"line":11},"1":{"loc":{"start":{"line":16,"column":2},"end":{"line":29,"column":3}},"type":"if","locations":[{"start":{"line":16,"column":2},"end":{"line":29,"column":3}},{"start":{},"end":{}}],"line":16},"2":{"loc":{"start":{"line":20,"column":4},"end":{"line":23,"column":5}},"type":"if","locations":[{"start":{"line":20,"column":4},"end":{"line":23,"column":5}},{"start":{},"end":{}}],"line":20},"3":{"loc":{"start":{"line":47,"column":2},"end":{"line":56,"column":3}},"type":"if","locations":[{"start":{"line":47,"column":2},"end":{"line":56,"column":3}},{"start":{},"end":{}}],"line":47},"4":{"loc":{"start":{"line":51,"column":4},"end":{"line":53,"column":5}},"type":"if","locations":[{"start":{"line":51,"column":4},"end":{"line":53,"column":5}},{"start":{},"end":{}}],"line":51}},"s":{"0":10,"1":30,"2":30,"3":30,"4":30,"5":30,"6":30,"7":30,"8":30,"9":0,"10":0,"11":0,"12":0,"13":0,"14":0,"15":0,"16":0,"17":0,"18":10,"19":10,"20":30,"21":30,"22":30,"23":30,"24":30,"25":20,"26":20,"27":20,"28":0,"29":20,"30":20,"31":10,"32":10,"33":0,"34":10},"f":{"0":30,"1":30,"2":0},"b":{"0":[30,0],"1":[0,0],"2":[0,0],"3":[20,10],"4":[0,20]},"_coverageSchema":"1a1c01bbd47fc00a2c39e90264f33305004495a9","hash":"8921f666638233cd45cafc9e3e72828136c7f857"}
,"/Users/fock/appworks/fastnote/backend/middleware/validateObjectId.js": {"path":"/Users/fock/appworks/fastnote/backend/middleware/validateObjectId.js","statementMap":{"0":{"start":{"line":4,"column":32},"end":{"line":11,"column":1}},"1":{"start":{"line":5,"column":26},"end":{"line":5,"column":36}},"2":{"start":{"line":6,"column":2},"end":{"line":8,"column":3}},"3":{"start":{"line":7,"column":4},"end":{"line":7,"column":66}},"4":{"start":{"line":10,"column":2},"end":{"line":10,"column":9}}},"fnMap":{"0":{"name":"(anonymous_0)","decl":{"start":{"line":4,"column":32},"end":{"line":4,"column":33}},"loc":{"start":{"line":4,"column":52},"end":{"line":11,"column":1}},"line":4}},"branchMap":{"0":{"loc":{"start":{"line":6,"column":2},"end":{"line":8,"column":3}},"type":"if","locations":[{"start":{"line":6,"column":2},"end":{"line":8,"column":3}},{"start":{},"end":{}}],"line":6}},"s":{"0":10,"1":10,"2":10,"3":2,"4":8},"f":{"0":10},"b":{"0":[2,8]},"_coverageSchema":"1a1c01bbd47fc00a2c39e90264f33305004495a9","hash":"a7b81e9b8abab906f2c9aaf0673f67c4b08b62a6"}
,"/Users/fock/appworks/fastnote/backend/models/Document.js": {"path":"/Users/fock/appworks/fastnote/backend/models/Document.js","statementMap":{"0":{"start":{"line":3,"column":23},"end":{"line":14,"column":1}},"1":{"start":{"line":16,"column":17},"end":{"line":16,"column":59}}},"fnMap":{},"branchMap":{},"s":{"0":10,"1":10},"f":{},"b":{},"_coverageSchema":"1a1c01bbd47fc00a2c39e90264f33305004495a9","hash":"a1206a8171f245887c05c9bfb2eee92d13073744"}
,"/Users/fock/appworks/fastnote/backend/models/Paragraph.js": {"path":"/Users/fock/appworks/fastnote/backend/models/Paragraph.js","statementMap":{"0":{"start":{"line":3,"column":24},"end":{"line":16,"column":1}},"1":{"start":{"line":18,"column":18},"end":{"line":18,"column":62}}},"fnMap":{},"branchMap":{},"s":{"0":10,"1":10},"f":{},"b":{},"_coverageSchema":"1a1c01bbd47fc00a2c39e90264f33305004495a9","hash":"12db3ab8b48a4a867e73e8398ea6bd49f2533f67"}
,"/Users/fock/appworks/fastnote/backend/models/User.js": {"path":"/Users/fock/appworks/fastnote/backend/models/User.js","statementMap":{"0":{"start":{"line":3,"column":19},"end":{"line":10,"column":1}},"1":{"start":{"line":12,"column":13},"end":{"line":12,"column":47}}},"fnMap":{},"branchMap":{},"s":{"0":10,"1":10},"f":{},"b":{},"_coverageSchema":"1a1c01bbd47fc00a2c39e90264f33305004495a9","hash":"ab140370b3b4cf7ae0f62bf6c34fdd3c0a32b31d"}
,"/Users/fock/appworks/fastnote/backend/routes/document.js": {"path":"/Users/fock/appworks/fastnote/backend/routes/document.js","statementMap":{"0":{"start":{"line":16,"column":17},"end":{"line":16,"column":33}},"1":{"start":{"line":18,"column":0},"end":{"line":18,"column":25}},"2":{"start":{"line":19,"column":0},"end":{"line":22,"column":36}},"3":{"start":{"line":24,"column":0},"end":{"line":27,"column":36}},"4":{"start":{"line":29,"column":0},"end":{"line":34,"column":38}},"5":{"start":{"line":36,"column":0},"end":{"line":38,"column":57}}},"fnMap":{},"branchMap":{},"s":{"0":10,"1":10,"2":10,"3":10,"4":10,"5":10},"f":{},"b":{},"_coverageSchema":"1a1c01bbd47fc00a2c39e90264f33305004495a9","hash":"405cd79d071589f80911c37d306ce1bfa48937c3"}
,"/Users/fock/appworks/fastnote/backend/routes/image.js": {"path":"/Users/fock/appworks/fastnote/backend/routes/image.js","statementMap":{"0":{"start":{"line":6,"column":14},"end":{"line":6,"column":30}},"1":{"start":{"line":8,"column":0},"end":{"line":8,"column":22}},"2":{"start":{"line":10,"column":0},"end":{"line":10,"column":60}}},"fnMap":{},"branchMap":{},"s":{"0":10,"1":10,"2":10},"f":{},"b":{},"_coverageSchema":"1a1c01bbd47fc00a2c39e90264f33305004495a9","hash":"722fd9184110e6c3b24942c921d5f30b460db728"}
,"/Users/fock/appworks/fastnote/backend/routes/user.js": {"path":"/Users/fock/appworks/fastnote/backend/routes/user.js","statementMap":{"0":{"start":{"line":9,"column":13},"end":{"line":9,"column":29}},"1":{"start":{"line":10,"column":0},"end":{"line":10,"column":56}},"2":{"start":{"line":11,"column":0},"end":{"line":11,"column":57}},"3":{"start":{"line":12,"column":0},"end":{"line":12,"column":52}}},"fnMap":{},"branchMap":{},"s":{"0":10,"1":10,"2":10,"3":10},"f":{},"b":{},"_coverageSchema":"1a1c01bbd47fc00a2c39e90264f33305004495a9","hash":"648c71986c9f5598f223ed94112bedf14dd26d79"}
,"/Users/fock/appworks/fastnote/backend/services/documents/createDoc.js": {"path":"/Users/fock/appworks/fastnote/backend/services/documents/createDoc.js","statementMap":{"0":{"start":{"line":7,"column":25},"end":{"line":14,"column":1}},"1":{"start":{"line":8,"column":19},"end":{"line":8,"column":40}},"2":{"start":{"line":9,"column":2},"end":{"line":9,"column":24}},"3":{"start":{"line":11,"column":2},"end":{"line":11,"column":39}},"4":{"start":{"line":13,"column":2},"end":{"line":13,"column":18}}},"fnMap":{"0":{"name":"(anonymous_0)","decl":{"start":{"line":7,"column":25},"end":{"line":7,"column":26}},"loc":{"start":{"line":7,"column":44},"end":{"line":14,"column":1}},"line":7}},"branchMap":{},"s":{"0":10,"1":2,"2":2,"3":2,"4":2},"f":{"0":2},"b":{},"_coverageSchema":"1a1c01bbd47fc00a2c39e90264f33305004495a9","hash":"cc55180c709c5b9745484710ede9802aed0e9b60"}
,"/Users/fock/appworks/fastnote/backend/services/documents/deleteDoc.js": {"path":"/Users/fock/appworks/fastnote/backend/services/documents/deleteDoc.js","statementMap":{"0":{"start":{"line":6,"column":25},"end":{"line":22,"column":1}},"1":{"start":{"line":8,"column":19},"end":{"line":8,"column":45}},"2":{"start":{"line":10,"column":2},"end":{"line":10,"column":29}},"3":{"start":{"line":10,"column":17},"end":{"line":10,"column":29}},"4":{"start":{"line":13,"column":2},"end":{"line":13,"column":68}},"5":{"start":{"line":16,"column":26},"end":{"line":16,"column":71}},"6":{"start":{"line":19,"column":2},"end":{"line":19,"column":34}},"7":{"start":{"line":21,"column":2},"end":{"line":21,"column":25}}},"fnMap":{"0":{"name":"(anonymous_0)","decl":{"start":{"line":6,"column":25},"end":{"line":6,"column":26}},"loc":{"start":{"line":6,"column":48},"end":{"line":22,"column":1}},"line":6}},"branchMap":{"0":{"loc":{"start":{"line":10,"column":2},"end":{"line":10,"column":29}},"type":"if","locations":[{"start":{"line":10,"column":2},"end":{"line":10,"column":29}},{"start":{},"end":{}}],"line":10}},"s":{"0":10,"1":1,"2":1,"3":0,"4":1,"5":1,"6":1,"7":1},"f":{"0":1},"b":{"0":[0,1]},"_coverageSchema":"1a1c01bbd47fc00a2c39e90264f33305004495a9","hash":"670f1fb6112a05c96b124ad2c25b8a5e2d9a7a6f"}
,"/Users/fock/appworks/fastnote/backend/services/documents/fetchTags.js": {"path":"/Users/fock/appworks/fastnote/backend/services/documents/fetchTags.js","statementMap":{"0":{"start":{"line":7,"column":25},"end":{"line":16,"column":1}},"1":{"start":{"line":8,"column":21},"end":{"line":12,"column":4}},"2":{"start":{"line":14,"column":19},"end":{"line":14,"column":51}},"3":{"start":{"line":14,"column":43},"end":{"line":14,"column":50}},"4":{"start":{"line":15,"column":2},"end":{"line":15,"column":18}}},"fnMap":{"0":{"name":"(anonymous_0)","decl":{"start":{"line":7,"column":25},"end":{"line":7,"column":26}},"loc":{"start":{"line":7,"column":43},"end":{"line":16,"column":1}},"line":7},"1":{"name":"(anonymous_1)","decl":{"start":{"line":14,"column":34},"end":{"line":14,"column":35}},"loc":{"start":{"line":14,"column":43},"end":{"line":14,"column":50}},"line":14}},"branchMap":{},"s":{"0":10,"1":1,"2":1,"3":4,"4":1},"f":{"0":1,"1":4},"b":{},"_coverageSchema":"1a1c01bbd47fc00a2c39e90264f33305004495a9","hash":"abe30b8f2beddc7cdb341e037ee024747bed6a1b"}
,"/Users/fock/appworks/fastnote/backend/services/documents/findDoc.js": {"path":"/Users/fock/appworks/fastnote/backend/services/documents/findDoc.js","statementMap":{"0":{"start":{"line":7,"column":23},"end":{"line":19,"column":1}},"1":{"start":{"line":8,"column":19},"end":{"line":8,"column":51}},"2":{"start":{"line":10,"column":2},"end":{"line":15,"column":3}},"3":{"start":{"line":11,"column":27},"end":{"line":11,"column":63}},"4":{"start":{"line":12,"column":4},"end":{"line":14,"column":5}},"5":{"start":{"line":13,"column":6},"end":{"line":13,"column":28}},"6":{"start":{"line":17,"column":19},"end":{"line":17,"column":65}},"7":{"start":{"line":18,"column":2},"end":{"line":18,"column":18}},"8":{"start":{"line":21,"column":29},"end":{"line":24,"column":1}},"9":{"start":{"line":22,"column":23},"end":{"line":22,"column":48}},"10":{"start":{"line":23,"column":2},"end":{"line":23,"column":56}},"11":{"start":{"line":26,"column":26},"end":{"line":37,"column":1}},"12":{"start":{"line":27,"column":19},"end":{"line":30,"column":4}},"13":{"start":{"line":32,"column":2},"end":{"line":34,"column":3}},"14":{"start":{"line":33,"column":4},"end":{"line":33,"column":62}},"15":{"start":{"line":36,"column":2},"end":{"line":36,"column":18}}},"fnMap":{"0":{"name":"(anonymous_0)","decl":{"start":{"line":7,"column":23},"end":{"line":7,"column":24}},"loc":{"start":{"line":7,"column":56},"end":{"line":19,"column":1}},"line":7},"1":{"name":"(anonymous_1)","decl":{"start":{"line":21,"column":29},"end":{"line":21,"column":30}},"loc":{"start":{"line":21,"column":49},"end":{"line":24,"column":1}},"line":21},"2":{"name":"(anonymous_2)","decl":{"start":{"line":26,"column":26},"end":{"line":26,"column":27}},"loc":{"start":{"line":26,"column":59},"end":{"line":37,"column":1}},"line":26}},"branchMap":{"0":{"loc":{"start":{"line":10,"column":2},"end":{"line":15,"column":3}},"type":"if","locations":[{"start":{"line":10,"column":2},"end":{"line":15,"column":3}},{"start":{},"end":{}}],"line":10},"1":{"loc":{"start":{"line":12,"column":4},"end":{"line":14,"column":5}},"type":"if","locations":[{"start":{"line":12,"column":4},"end":{"line":14,"column":5}},{"start":{},"end":{}}],"line":12},"2":{"loc":{"start":{"line":23,"column":9},"end":{"line":23,"column":55}},"type":"cond-expr","locations":[{"start":{"line":23,"column":24},"end":{"line":23,"column":48}},{"start":{"line":23,"column":51},"end":{"line":23,"column":55}}],"line":23},"3":{"loc":{"start":{"line":32,"column":2},"end":{"line":34,"column":3}},"type":"if","locations":[{"start":{"line":32,"column":2},"end":{"line":34,"column":3}},{"start":{},"end":{}}],"line":32}},"s":{"0":10,"1":9,"2":9,"3":5,"4":5,"5":0,"6":9,"7":9,"8":10,"9":5,"10":5,"11":10,"12":9,"13":9,"14":8,"15":9},"f":{"0":9,"1":5,"2":9},"b":{"0":[5,4],"1":[0,5],"2":[0,5],"3":[8,1]},"_coverageSchema":"1a1c01bbd47fc00a2c39e90264f33305004495a9","hash":"49939c2307758059a04d1611f9fd61e6b7f61cbc"}
,"/Users/fock/appworks/fastnote/backend/services/documents/findDocs.js": {"path":"/Users/fock/appworks/fastnote/backend/services/documents/findDocs.js","statementMap":{"0":{"start":{"line":7,"column":24},"end":{"line":39,"column":1}},"1":{"start":{"line":15,"column":22},"end":{"line":15,"column":64}},"2":{"start":{"line":16,"column":19},"end":{"line":16,"column":76}},"3":{"start":{"line":18,"column":2},"end":{"line":21,"column":3}},"4":{"start":{"line":19,"column":28},"end":{"line":19,"column":53}},"5":{"start":{"line":20,"column":4},"end":{"line":20,"column":48}},"6":{"start":{"line":20,"column":25},"end":{"line":20,"column":48}},"7":{"start":{"line":23,"column":16},"end":{"line":23,"column":41}},"8":{"start":{"line":25,"column":16},"end":{"line":25,"column":70}},"9":{"start":{"line":26,"column":25},"end":{"line":26,"column":53}},"10":{"start":{"line":27,"column":23},"end":{"line":27,"column":66}},"11":{"start":{"line":29,"column":20},"end":{"line":32,"column":4}},"12":{"start":{"line":34,"column":2},"end":{"line":36,"column":3}},"13":{"start":{"line":35,"column":4},"end":{"line":35,"column":72}},"14":{"start":{"line":38,"column":2},"end":{"line":38,"column":19}},"15":{"start":{"line":42,"column":18},"end":{"line":46,"column":1}},"16":{"start":{"line":43,"column":2},"end":{"line":43,"column":42}},"17":{"start":{"line":43,"column":27},"end":{"line":43,"column":42}},"18":{"start":{"line":44,"column":2},"end":{"line":44,"column":48}},"19":{"start":{"line":44,"column":30},"end":{"line":44,"column":48}},"20":{"start":{"line":45,"column":2},"end":{"line":45,"column":19}},"21":{"start":{"line":49,"column":19},"end":{"line":58,"column":1}},"22":{"start":{"line":50,"column":16},"end":{"line":50,"column":18}},"23":{"start":{"line":51,"column":2},"end":{"line":51,"column":65}},"24":{"start":{"line":51,"column":14},"end":{"line":51,"column":65}},"25":{"start":{"line":52,"column":2},"end":{"line":52,"column":62}},"26":{"start":{"line":52,"column":19},"end":{"line":52,"column":62}},"27":{"start":{"line":53,"column":2},"end":{"line":53,"column":53}},"28":{"start":{"line":53,"column":16},"end":{"line":53,"column":53}},"29":{"start":{"line":54,"column":2},"end":{"line":55,"column":70}},"30":{"start":{"line":55,"column":4},"end":{"line":55,"column":70}},"31":{"start":{"line":55,"column":56},"end":{"line":55,"column":66}},"32":{"start":{"line":57,"column":2},"end":{"line":57,"column":15}},"33":{"start":{"line":61,"column":28},"end":{"line":159,"column":1}},"34":{"start":{"line":62,"column":2},"end":{"line":62,"column":26}},"35":{"start":{"line":62,"column":16},"end":{"line":62,"column":26}},"36":{"start":{"line":64,"column":2},"end":{"line":158,"column":4}},"37":{"start":{"line":162,"column":26},"end":{"line":182,"column":1}},"38":{"start":{"line":163,"column":2},"end":{"line":181,"column":4}}},"fnMap":{"0":{"name":"(anonymous_0)","decl":{"start":{"line":7,"column":24},"end":{"line":7,"column":25}},"loc":{"start":{"line":14,"column":6},"end":{"line":39,"column":1}},"line":14},"1":{"name":"(anonymous_1)","decl":{"start":{"line":42,"column":18},"end":{"line":42,"column":19}},"loc":{"start":{"line":42,"column":45},"end":{"line":46,"column":1}},"line":42},"2":{"name":"(anonymous_2)","decl":{"start":{"line":49,"column":19},"end":{"line":49,"column":20}},"loc":{"start":{"line":49,"column":67},"end":{"line":58,"column":1}},"line":49},"3":{"name":"(anonymous_3)","decl":{"start":{"line":55,"column":47},"end":{"line":55,"column":48}},"loc":{"start":{"line":55,"column":56},"end":{"line":55,"column":66}},"line":55},"4":{"name":"(anonymous_4)","decl":{"start":{"line":61,"column":28},"end":{"line":61,"column":29}},"loc":{"start":{"line":61,"column":41},"end":{"line":159,"column":1}},"line":61},"5":{"name":"(anonymous_5)","decl":{"start":{"line":162,"column":26},"end":{"line":162,"column":27}},"loc":{"start":{"line":162,"column":56},"end":{"line":182,"column":1}},"line":162}},"branchMap":{"0":{"loc":{"start":{"line":8,"column":2},"end":{"line":8,"column":12}},"type":"default-arg","locations":[{"start":{"line":8,"column":11},"end":{"line":8,"column":12}}],"line":8},"1":{"loc":{"start":{"line":9,"column":2},"end":{"line":9,"column":14}},"type":"default-arg","locations":[{"start":{"line":9,"column":12},"end":{"line":9,"column":14}}],"line":9},"2":{"loc":{"start":{"line":15,"column":24},"end":{"line":15,"column":63}},"type":"binary-expr","locations":[{"start":{"line":15,"column":24},"end":{"line":15,"column":31}},{"start":{"line":15,"column":35},"end":{"line":15,"column":49}},{"start":{"line":15,"column":53},"end":{"line":15,"column":63}}],"line":15},"3":{"loc":{"start":{"line":18,"column":2},"end":{"line":21,"column":3}},"type":"if","locations":[{"start":{"line":18,"column":2},"end":{"line":21,"column":3}},{"start":{},"end":{}}],"line":18},"4":{"loc":{"start":{"line":20,"column":4},"end":{"line":20,"column":48}},"type":"if","locations":[{"start":{"line":20,"column":4},"end":{"line":20,"column":48}},{"start":{},"end":{}}],"line":20},"5":{"loc":{"start":{"line":23,"column":16},"end":{"line":23,"column":41}},"type":"cond-expr","locations":[{"start":{"line":23,"column":25},"end":{"line":23,"column":35}},{"start":{"line":23,"column":38},"end":{"line":23,"column":41}}],"line":23},"6":{"loc":{"start":{"line":34,"column":2},"end":{"line":36,"column":3}},"type":"if","locations":[{"start":{"line":34,"column":2},"end":{"line":36,"column":3}},{"start":{},"end":{}}],"line":34},"7":{"loc":{"start":{"line":43,"column":2},"end":{"line":43,"column":42}},"type":"if","locations":[{"start":{"line":43,"column":2},"end":{"line":43,"column":42}},{"start":{},"end":{}}],"line":43},"8":{"loc":{"start":{"line":44,"column":2},"end":{"line":44,"column":48}},"type":"if","locations":[{"start":{"line":44,"column":2},"end":{"line":44,"column":48}},{"start":{},"end":{}}],"line":44},"9":{"loc":{"start":{"line":51,"column":2},"end":{"line":51,"column":65}},"type":"if","locations":[{"start":{"line":51,"column":2},"end":{"line":51,"column":65}},{"start":{},"end":{}}],"line":51},"10":{"loc":{"start":{"line":52,"column":2},"end":{"line":52,"column":62}},"type":"if","locations":[{"start":{"line":52,"column":2},"end":{"line":52,"column":62}},{"start":{},"end":{}}],"line":52},"11":{"loc":{"start":{"line":53,"column":2},"end":{"line":53,"column":53}},"type":"if","locations":[{"start":{"line":53,"column":2},"end":{"line":53,"column":53}},{"start":{},"end":{}}],"line":53},"12":{"loc":{"start":{"line":54,"column":2},"end":{"line":55,"column":70}},"type":"if","locations":[{"start":{"line":54,"column":2},"end":{"line":55,"column":70}},{"start":{},"end":{}}],"line":54},"13":{"loc":{"start":{"line":62,"column":2},"end":{"line":62,"column":26}},"type":"if","locations":[{"start":{"line":62,"column":2},"end":{"line":62,"column":26}},{"start":{},"end":{}}],"line":62},"14":{"loc":{"start":{"line":166,"column":13},"end":{"line":166,"column":50}},"type":"cond-expr","locations":[{"start":{"line":166,"column":22},"end":{"line":166,"column":46}},{"start":{"line":166,"column":49},"end":{"line":166,"column":50}}],"line":166}},"s":{"0":10,"1":2,"2":2,"3":2,"4":2,"5":2,"6":0,"7":2,"8":2,"9":2,"10":2,"11":2,"12":2,"13":2,"14":2,"15":10,"16":2,"17":0,"18":2,"19":0,"20":2,"21":10,"22":2,"23":2,"24":2,"25":2,"26":0,"27":2,"28":0,"29":2,"30":0,"31":0,"32":2,"33":10,"34":2,"35":2,"36":0,"37":10,"38":2},"f":{"0":2,"1":2,"2":2,"3":0,"4":2,"5":2},"b":{"0":[1],"1":[2],"2":[2,2,2],"3":[2,0],"4":[0,2],"5":[1,1],"6":[2,0],"7":[0,2],"8":[0,2],"9":[2,0],"10":[0,2],"11":[0,2],"12":[0,2],"13":[2,0],"14":[1,1]},"_coverageSchema":"1a1c01bbd47fc00a2c39e90264f33305004495a9","hash":"7324885a663bfaa49a4a08101f92e8777c6b37ca"}
,"/Users/fock/appworks/fastnote/backend/services/documents/sendSummaryJob.js": {"path":"/Users/fock/appworks/fastnote/backend/services/documents/sendSummaryJob.js","statementMap":{"0":{"start":{"line":4,"column":0},"end":{"line":8,"column":3}},"1":{"start":{"line":10,"column":12},"end":{"line":10,"column":25}},"2":{"start":{"line":13,"column":30},"end":{"line":36,"column":1}},"3":{"start":{"line":19,"column":16},"end":{"line":19,"column":26}},"4":{"start":{"line":20,"column":17},"end":{"line":29,"column":3}},"5":{"start":{"line":30,"column":2},"end":{"line":35,"column":3}},"6":{"start":{"line":31,"column":19},"end":{"line":31,"column":58}},"7":{"start":{"line":32,"column":4},"end":{"line":32,"column":52}},"8":{"start":{"line":34,"column":4},"end":{"line":34,"column":58}}},"fnMap":{"0":{"name":"(anonymous_0)","decl":{"start":{"line":13,"column":30},"end":{"line":13,"column":31}},"loc":{"start":{"line":18,"column":5},"end":{"line":36,"column":1}},"line":18}},"branchMap":{},"s":{"0":10,"1":10,"2":10,"3":1,"4":1,"5":1,"6":1,"7":1,"8":0},"f":{"0":1},"b":{},"_coverageSchema":"1a1c01bbd47fc00a2c39e90264f33305004495a9","hash":"1468662182fb040a97980cc2eae5dce6ca9a5f17"}
,"/Users/fock/appworks/fastnote/backend/services/documents/summarizeDoc.js": {"path":"/Users/fock/appworks/fastnote/backend/services/documents/summarizeDoc.js","statementMap":{"0":{"start":{"line":7,"column":28},"end":{"line":32,"column":1}},"1":{"start":{"line":8,"column":2},"end":{"line":31,"column":3}},"2":{"start":{"line":9,"column":21},"end":{"line":9,"column":47}},"3":{"start":{"line":11,"column":30},"end":{"line":13,"column":5}},"4":{"start":{"line":12,"column":21},"end":{"line":12,"column":40}},"5":{"start":{"line":14,"column":20},"end":{"line":16,"column":16}},"6":{"start":{"line":15,"column":26},"end":{"line":15,"column":58}},"7":{"start":{"line":18,"column":4},"end":{"line":18,"column":43}},"8":{"start":{"line":18,"column":30},"end":{"line":18,"column":43}},"9":{"start":{"line":19,"column":17},"end":{"line":19,"column":30}},"10":{"start":{"line":22,"column":4},"end":{"line":22,"column":67}},"11":{"start":{"line":25,"column":4},"end":{"line":25,"column":62}},"12":{"start":{"line":27,"column":4},"end":{"line":27,"column":16}},"13":{"start":{"line":29,"column":4},"end":{"line":29,"column":51}},"14":{"start":{"line":30,"column":4},"end":{"line":30,"column":17}},"15":{"start":{"line":35,"column":34},"end":{"line":43,"column":1}},"16":{"start":{"line":36,"column":30},"end":{"line":38,"column":3}},"17":{"start":{"line":37,"column":19},"end":{"line":37,"column":32}},"18":{"start":{"line":39,"column":2},"end":{"line":42,"column":4}},"19":{"start":{"line":46,"column":29},"end":{"line":49,"column":1}},"20":{"start":{"line":47,"column":14},"end":{"line":47,"column":29}},"21":{"start":{"line":48,"column":2},"end":{"line":48,"column":46}}},"fnMap":{"0":{"name":"(anonymous_0)","decl":{"start":{"line":7,"column":28},"end":{"line":7,"column":29}},"loc":{"start":{"line":7,"column":65},"end":{"line":32,"column":1}},"line":7},"1":{"name":"(anonymous_1)","decl":{"start":{"line":12,"column":6},"end":{"line":12,"column":7}},"loc":{"start":{"line":12,"column":21},"end":{"line":12,"column":40}},"line":12},"2":{"name":"(anonymous_2)","decl":{"start":{"line":15,"column":11},"end":{"line":15,"column":12}},"loc":{"start":{"line":15,"column":26},"end":{"line":15,"column":58}},"line":15},"3":{"name":"(anonymous_3)","decl":{"start":{"line":35,"column":34},"end":{"line":35,"column":35}},"loc":{"start":{"line":35,"column":74},"end":{"line":43,"column":1}},"line":35},"4":{"name":"(anonymous_4)","decl":{"start":{"line":37,"column":4},"end":{"line":37,"column":5}},"loc":{"start":{"line":37,"column":19},"end":{"line":37,"column":32}},"line":37},"5":{"name":"(anonymous_5)","decl":{"start":{"line":46,"column":29},"end":{"line":46,"column":30}},"loc":{"start":{"line":46,"column":39},"end":{"line":49,"column":1}},"line":46}},"branchMap":{"0":{"loc":{"start":{"line":18,"column":4},"end":{"line":18,"column":43}},"type":"if","locations":[{"start":{"line":18,"column":4},"end":{"line":18,"column":43}},{"start":{},"end":{}}],"line":18}},"s":{"0":10,"1":2,"2":2,"3":2,"4":3,"5":2,"6":1,"7":2,"8":1,"9":1,"10":1,"11":1,"12":1,"13":0,"14":0,"15":10,"16":1,"17":1,"18":1,"19":10,"20":2,"21":2},"f":{"0":2,"1":3,"2":1,"3":1,"4":1,"5":2},"b":{"0":[1,1]},"_coverageSchema":"1a1c01bbd47fc00a2c39e90264f33305004495a9","hash":"e589c44c28bd5c7e2501b7a8d4d390db6d16a00b"}
,"/Users/fock/appworks/fastnote/backend/services/documents/updateDoc.js": {"path":"/Users/fock/appworks/fastnote/backend/services/documents/updateDoc.js","statementMap":{"0":{"start":{"line":11,"column":25},"end":{"line":36,"column":1}},"1":{"start":{"line":12,"column":27},"end":{"line":12,"column":37}},"2":{"start":{"line":15,"column":2},"end":{"line":31,"column":3}},"3":{"start":{"line":17,"column":6},"end":{"line":17,"column":62}},"4":{"start":{"line":18,"column":6},"end":{"line":18,"column":12}},"5":{"start":{"line":21,"column":6},"end":{"line":21,"column":65}},"6":{"start":{"line":22,"column":6},"end":{"line":22,"column":12}},"7":{"start":{"line":25,"column":6},"end":{"line":25,"column":64}},"8":{"start":{"line":26,"column":6},"end":{"line":26,"column":12}},"9":{"start":{"line":29,"column":6},"end":{"line":29,"column":61}},"10":{"start":{"line":30,"column":6},"end":{"line":30,"column":12}},"11":{"start":{"line":34,"column":2},"end":{"line":34,"column":75}},"12":{"start":{"line":35,"column":2},"end":{"line":35,"column":16}},"13":{"start":{"line":39,"column":23},"end":{"line":49,"column":1}},"14":{"start":{"line":40,"column":22},"end":{"line":46,"column":3}},"15":{"start":{"line":47,"column":2},"end":{"line":47,"column":43}},"16":{"start":{"line":48,"column":2},"end":{"line":48,"column":21}},"17":{"start":{"line":52,"column":23},"end":{"line":63,"column":1}},"18":{"start":{"line":53,"column":20},"end":{"line":53,"column":53}},"19":{"start":{"line":55,"column":23},"end":{"line":61,"column":3}},"20":{"start":{"line":62,"column":2},"end":{"line":62,"column":22}},"21":{"start":{"line":66,"column":27},"end":{"line":76,"column":1}},"22":{"start":{"line":67,"column":23},"end":{"line":67,"column":68}},"23":{"start":{"line":68,"column":2},"end":{"line":68,"column":28}},"24":{"start":{"line":70,"column":2},"end":{"line":74,"column":4}},"25":{"start":{"line":75,"column":2},"end":{"line":75,"column":22}},"26":{"start":{"line":79,"column":24},"end":{"line":87,"column":1}},"27":{"start":{"line":80,"column":27},"end":{"line":80,"column":75}},"28":{"start":{"line":81,"column":2},"end":{"line":85,"column":4}},"29":{"start":{"line":86,"column":2},"end":{"line":86,"column":26}}},"fnMap":{"0":{"name":"(anonymous_0)","decl":{"start":{"line":11,"column":25},"end":{"line":11,"column":26}},"loc":{"start":{"line":11,"column":67},"end":{"line":36,"column":1}},"line":11},"1":{"name":"(anonymous_1)","decl":{"start":{"line":39,"column":23},"end":{"line":39,"column":24}},"loc":{"start":{"line":39,"column":58},"end":{"line":49,"column":1}},"line":39},"2":{"name":"(anonymous_2)","decl":{"start":{"line":52,"column":23},"end":{"line":52,"column":24}},"loc":{"start":{"line":52,"column":59},"end":{"line":63,"column":1}},"line":52},"3":{"name":"(anonymous_3)","decl":{"start":{"line":66,"column":27},"end":{"line":66,"column":28}},"loc":{"start":{"line":66,"column":62},"end":{"line":76,"column":1}},"line":66},"4":{"name":"(anonymous_4)","decl":{"start":{"line":79,"column":24},"end":{"line":79,"column":25}},"loc":{"start":{"line":79,"column":61},"end":{"line":87,"column":1}},"line":79}},"branchMap":{"0":{"loc":{"start":{"line":15,"column":2},"end":{"line":31,"column":3}},"type":"switch","locations":[{"start":{"line":16,"column":4},"end":{"line":18,"column":12}},{"start":{"line":20,"column":4},"end":{"line":22,"column":12}},{"start":{"line":24,"column":4},"end":{"line":26,"column":12}},{"start":{"line":28,"column":4},"end":{"line":30,"column":12}}],"line":15}},"s":{"0":10,"1":1,"2":1,"3":1,"4":1,"5":0,"6":0,"7":0,"8":0,"9":0,"10":0,"11":1,"12":1,"13":10,"14":0,"15":0,"16":0,"17":10,"18":1,"19":1,"20":1,"21":10,"22":0,"23":0,"24":0,"25":0,"26":10,"27":0,"28":0,"29":0},"f":{"0":1,"1":0,"2":1,"3":0,"4":0},"b":{"0":[1,0,0,0]},"_coverageSchema":"1a1c01bbd47fc00a2c39e90264f33305004495a9","hash":"336bebd44d7ebf67b28ecc7165401109f17f580e"}
,"/Users/fock/appworks/fastnote/backend/services/documents/updateTag.js": {"path":"/Users/fock/appworks/fastnote/backend/services/documents/updateTag.js","statementMap":{"0":{"start":{"line":4,"column":26},"end":{"line":27,"column":1}},"1":{"start":{"line":6,"column":28},"end":{"line":9,"column":4}},"2":{"start":{"line":12,"column":30},"end":{"line":12,"column":69}},"3":{"start":{"line":12,"column":61},"end":{"line":12,"column":68}},"4":{"start":{"line":15,"column":2},"end":{"line":18,"column":4}},"5":{"start":{"line":21,"column":2},"end":{"line":26,"column":3}},"6":{"start":{"line":22,"column":4},"end":{"line":25,"column":6}}},"fnMap":{"0":{"name":"(anonymous_0)","decl":{"start":{"line":4,"column":26},"end":{"line":4,"column":27}},"loc":{"start":{"line":4,"column":62},"end":{"line":27,"column":1}},"line":4},"1":{"name":"(anonymous_1)","decl":{"start":{"line":12,"column":52},"end":{"line":12,"column":53}},"loc":{"start":{"line":12,"column":61},"end":{"line":12,"column":68}},"line":12}},"branchMap":{"0":{"loc":{"start":{"line":21,"column":2},"end":{"line":26,"column":3}},"type":"if","locations":[{"start":{"line":21,"column":2},"end":{"line":26,"column":3}},{"start":{},"end":{}}],"line":21}},"s":{"0":10,"1":1,"2":1,"3":2,"4":1,"5":1,"6":1},"f":{"0":1,"1":2},"b":{"0":[1,0]},"_coverageSchema":"1a1c01bbd47fc00a2c39e90264f33305004495a9","hash":"a459de191cc25c8f914ddd1f15d2d48d6ae0df25"}
,"/Users/fock/appworks/fastnote/backend/services/users/fetchUser.js": {"path":"/Users/fock/appworks/fastnote/backend/services/users/fetchUser.js","statementMap":{"0":{"start":{"line":7,"column":25},"end":{"line":23,"column":1}},"1":{"start":{"line":8,"column":19},"end":{"line":8,"column":39}},"2":{"start":{"line":9,"column":21},"end":{"line":9,"column":46}},"3":{"start":{"line":10,"column":2},"end":{"line":10,"column":26}},"4":{"start":{"line":11,"column":2},"end":{"line":13,"column":3}},"5":{"start":{"line":12,"column":4},"end":{"line":12,"column":32}},"6":{"start":{"line":15,"column":16},"end":{"line":15,"column":64}},"7":{"start":{"line":16,"column":2},"end":{"line":19,"column":3}},"8":{"start":{"line":17,"column":4},"end":{"line":17,"column":29}},"9":{"start":{"line":18,"column":4},"end":{"line":18,"column":25}},"10":{"start":{"line":20,"column":2},"end":{"line":20,"column":47}},"11":{"start":{"line":22,"column":2},"end":{"line":22,"column":17}}},"fnMap":{"0":{"name":"(anonymous_0)","decl":{"start":{"line":7,"column":25},"end":{"line":7,"column":26}},"loc":{"start":{"line":7,"column":41},"end":{"line":23,"column":1}},"line":7}},"branchMap":{"0":{"loc":{"start":{"line":11,"column":2},"end":{"line":13,"column":3}},"type":"if","locations":[{"start":{"line":11,"column":2},"end":{"line":13,"column":3}},{"start":{},"end":{}}],"line":11},"1":{"loc":{"start":{"line":16,"column":2},"end":{"line":19,"column":3}},"type":"if","locations":[{"start":{"line":16,"column":2},"end":{"line":19,"column":3}},{"start":{},"end":{}}],"line":16}},"s":{"0":10,"1":5,"2":5,"3":5,"4":5,"5":0,"6":5,"7":5,"8":0,"9":0,"10":5,"11":5},"f":{"0":5},"b":{"0":[0,5],"1":[0,5]},"_coverageSchema":"1a1c01bbd47fc00a2c39e90264f33305004495a9","hash":"077ea90306885b10906a1a82a9a2c7bd863be15c"}
,"/Users/fock/appworks/fastnote/backend/utils/cache.js": {"path":"/Users/fock/appworks/fastnote/backend/utils/cache.js","statementMap":{"0":{"start":{"line":3,"column":21},"end":{"line":3,"column":58}},"1":{"start":{"line":4,"column":18},"end":{"line":6,"column":20}},"2":{"start":{"line":7,"column":19},"end":{"line":7,"column":24}},"3":{"start":{"line":9,"column":13},"end":{"line":9,"column":17}},"4":{"start":{"line":11,"column":26},"end":{"line":31,"column":1}},"5":{"start":{"line":12,"column":2},"end":{"line":12,"column":28}},"6":{"start":{"line":12,"column":14},"end":{"line":12,"column":28}},"7":{"start":{"line":14,"column":2},"end":{"line":16,"column":5}},"8":{"start":{"line":18,"column":2},"end":{"line":22,"column":5}},"9":{"start":{"line":19,"column":4},"end":{"line":19,"column":55}},"10":{"start":{"line":20,"column":4},"end":{"line":20,"column":24}},"11":{"start":{"line":21,"column":4},"end":{"line":21,"column":18}},"12":{"start":{"line":24,"column":2},"end":{"line":30,"column":3}},"13":{"start":{"line":25,"column":4},"end":{"line":25,"column":27}},"14":{"start":{"line":26,"column":4},"end":{"line":26,"column":18}},"15":{"start":{"line":28,"column":4},"end":{"line":28,"column":62}},"16":{"start":{"line":29,"column":4},"end":{"line":29,"column":16}},"17":{"start":{"line":33,"column":12},"end":{"line":44,"column":1}},"18":{"start":{"line":34,"column":2},"end":{"line":43,"column":3}},"19":{"start":{"line":35,"column":19},"end":{"line":35,"column":44}},"20":{"start":{"line":36,"column":4},"end":{"line":36,"column":30}},"21":{"start":{"line":36,"column":17},"end":{"line":36,"column":30}},"22":{"start":{"line":38,"column":19},"end":{"line":38,"column":72}},"23":{"start":{"line":39,"column":4},"end":{"line":39,"column":18}},"24":{"start":{"line":41,"column":4},"end":{"line":41,"column":59}},"25":{"start":{"line":42,"column":4},"end":{"line":42,"column":17}},"26":{"start":{"line":46,"column":12},"end":{"line":60,"column":1}},"27":{"start":{"line":47,"column":2},"end":{"line":59,"column":3}},"28":{"start":{"line":48,"column":19},"end":{"line":48,"column":44}},"29":{"start":{"line":49,"column":4},"end":{"line":49,"column":30}},"30":{"start":{"line":49,"column":17},"end":{"line":49,"column":30}},"31":{"start":{"line":51,"column":18},"end":{"line":51,"column":39}},"32":{"start":{"line":52,"column":4},"end":{"line":54,"column":5}},"33":{"start":{"line":53,"column":6},"end":{"line":53,"column":43}},"34":{"start":{"line":55,"column":4},"end":{"line":55,"column":44}},"35":{"start":{"line":57,"column":4},"end":{"line":57,"column":59}},"36":{"start":{"line":58,"column":4},"end":{"line":58,"column":17}},"37":{"start":{"line":62,"column":12},"end":{"line":73,"column":1}},"38":{"start":{"line":63,"column":2},"end":{"line":72,"column":3}},"39":{"start":{"line":64,"column":19},"end":{"line":64,"column":44}},"40":{"start":{"line":65,"column":4},"end":{"line":65,"column":29}},"41":{"start":{"line":65,"column":17},"end":{"line":65,"column":29}},"42":{"start":{"line":67,"column":19},"end":{"line":67,"column":40}},"43":{"start":{"line":68,"column":4},"end":{"line":68,"column":18}},"44":{"start":{"line":70,"column":4},"end":{"line":70,"column":59}},"45":{"start":{"line":71,"column":4},"end":{"line":71,"column":16}},"46":{"start":{"line":75,"column":17},"end":{"line":81,"column":1}},"47":{"start":{"line":77,"column":20},"end":{"line":77,"column":52}},"48":{"start":{"line":78,"column":2},"end":{"line":80,"column":3}},"49":{"start":{"line":79,"column":4},"end":{"line":79,"column":51}}},"fnMap":{"0":{"name":"(anonymous_0)","decl":{"start":{"line":11,"column":26},"end":{"line":11,"column":27}},"loc":{"start":{"line":11,"column":38},"end":{"line":31,"column":1}},"line":11},"1":{"name":"(anonymous_1)","decl":{"start":{"line":18,"column":21},"end":{"line":18,"column":22}},"loc":{"start":{"line":18,"column":30},"end":{"line":22,"column":3}},"line":18},"2":{"name":"(anonymous_2)","decl":{"start":{"line":33,"column":12},"end":{"line":33,"column":13}},"loc":{"start":{"line":33,"column":48},"end":{"line":44,"column":1}},"line":33},"3":{"name":"(anonymous_3)","decl":{"start":{"line":46,"column":12},"end":{"line":46,"column":13}},"loc":{"start":{"line":46,"column":39},"end":{"line":60,"column":1}},"line":46},"4":{"name":"(anonymous_4)","decl":{"start":{"line":62,"column":12},"end":{"line":62,"column":13}},"loc":{"start":{"line":62,"column":27},"end":{"line":73,"column":1}},"line":62},"5":{"name":"(anonymous_5)","decl":{"start":{"line":75,"column":17},"end":{"line":75,"column":18}},"loc":{"start":{"line":75,"column":35},"end":{"line":81,"column":1}},"line":75}},"branchMap":{"0":{"loc":{"start":{"line":4,"column":18},"end":{"line":6,"column":20}},"type":"cond-expr","locations":[{"start":{"line":5,"column":4},"end":{"line":5,"column":33}},{"start":{"line":6,"column":4},"end":{"line":6,"column":20}}],"line":4},"1":{"loc":{"start":{"line":12,"column":2},"end":{"line":12,"column":28}},"type":"if","locations":[{"start":{"line":12,"column":2},"end":{"line":12,"column":28}},{"start":{},"end":{}}],"line":12},"2":{"loc":{"start":{"line":33,"column":31},"end":{"line":33,"column":43}},"type":"default-arg","locations":[{"start":{"line":33,"column":41},"end":{"line":33,"column":43}}],"line":33},"3":{"loc":{"start":{"line":36,"column":4},"end":{"line":36,"column":30}},"type":"if","locations":[{"start":{"line":36,"column":4},"end":{"line":36,"column":30}},{"start":{},"end":{}}],"line":36},"4":{"loc":{"start":{"line":49,"column":4},"end":{"line":49,"column":30}},"type":"if","locations":[{"start":{"line":49,"column":4},"end":{"line":49,"column":30}},{"start":{},"end":{}}],"line":49},"5":{"loc":{"start":{"line":52,"column":4},"end":{"line":54,"column":5}},"type":"if","locations":[{"start":{"line":52,"column":4},"end":{"line":54,"column":5}},{"start":{},"end":{}}],"line":52},"6":{"loc":{"start":{"line":52,"column":8},"end":{"line":52,"column":28}},"type":"binary-expr","locations":[{"start":{"line":52,"column":8},"end":{"line":52,"column":13}},{"start":{"line":52,"column":17},"end":{"line":52,"column":28}}],"line":52},"7":{"loc":{"start":{"line":55,"column":11},"end":{"line":55,"column":43}},"type":"cond-expr","locations":[{"start":{"line":55,"column":19},"end":{"line":55,"column":36}},{"start":{"line":55,"column":39},"end":{"line":55,"column":43}}],"line":55},"8":{"loc":{"start":{"line":65,"column":4},"end":{"line":65,"column":29}},"type":"if","locations":[{"start":{"line":65,"column":4},"end":{"line":65,"column":29}},{"start":{},"end":{}}],"line":65}},"s":{"0":10,"1":10,"2":10,"3":10,"4":10,"5":66,"6":1,"7":65,"8":65,"9":65,"10":65,"11":65,"12":65,"13":65,"14":65,"15":0,"16":0,"17":10,"18":15,"19":15,"20":15,"21":15,"22":0,"23":0,"24":0,"25":0,"26":10,"27":42,"28":42,"29":42,"30":40,"31":2,"32":0,"33":0,"34":0,"35":2,"36":2,"37":10,"38":9,"39":9,"40":9,"41":8,"42":1,"43":0,"44":1,"45":1,"46":10,"47":3,"48":3,"49":9},"f":{"0":66,"1":65,"2":15,"3":42,"4":9,"5":3},"b":{"0":[0,10],"1":[1,65],"2":[0],"3":[15,0],"4":[40,2],"5":[0,0],"6":[0,0],"7":[0,0],"8":[8,1]},"_coverageSchema":"1a1c01bbd47fc00a2c39e90264f33305004495a9","hash":"e6a60650627345c484371d843270f8451922dcae"}
,"/Users/fock/appworks/fastnote/backend/utils/database.js": {"path":"/Users/fock/appworks/fastnote/backend/utils/database.js","statementMap":{"0":{"start":{"line":3,"column":25},"end":{"line":17,"column":1}},"1":{"start":{"line":4,"column":2},"end":{"line":16,"column":3}},"2":{"start":{"line":5,"column":46},"end":{"line":5,"column":57}},"3":{"start":{"line":6,"column":25},"end":{"line":6,"column":89}},"4":{"start":{"line":8,"column":4},"end":{"line":11,"column":7}},"5":{"start":{"line":12,"column":4},"end":{"line":12,"column":51}},"6":{"start":{"line":14,"column":4},"end":{"line":14,"column":59}},"7":{"start":{"line":15,"column":4},"end":{"line":15,"column":20}}},"fnMap":{"0":{"name":"(anonymous_0)","decl":{"start":{"line":3,"column":25},"end":{"line":3,"column":26}},"loc":{"start":{"line":3,"column":37},"end":{"line":17,"column":1}},"line":3}},"branchMap":{"0":{"loc":{"start":{"line":6,"column":25},"end":{"line":6,"column":89}},"type":"cond-expr","locations":[{"start":{"line":6,"column":59},"end":{"line":6,"column":75}},{"start":{"line":6,"column":78},"end":{"line":6,"column":89}}],"line":6}},"s":{"0":10,"1":18,"2":18,"3":18,"4":18,"5":16,"6":0,"7":0},"f":{"0":18},"b":{"0":[18,0]},"_coverageSchema":"1a1c01bbd47fc00a2c39e90264f33305004495a9","hash":"65a83e5bb57bcf1cb0c02f7c3105d384c449351f"}
,"/Users/fock/appworks/fastnote/backend/utils/errorHandling.js": {"path":"/Users/fock/appworks/fastnote/backend/utils/errorHandling.js","statementMap":{"0":{"start":{"line":1,"column":26},"end":{"line":8,"column":1}},"1":{"start":{"line":2,"column":2},"end":{"line":7,"column":4}},"2":{"start":{"line":3,"column":4},"end":{"line":6,"column":7}},"3":{"start":{"line":4,"column":6},"end":{"line":4,"column":25}},"4":{"start":{"line":5,"column":6},"end":{"line":5,"column":54}}},"fnMap":{"0":{"name":"(anonymous_0)","decl":{"start":{"line":1,"column":26},"end":{"line":1,"column":27}},"loc":{"start":{"line":1,"column":34},"end":{"line":8,"column":1}},"line":1},"1":{"name":"(anonymous_1)","decl":{"start":{"line":2,"column":9},"end":{"line":2,"column":10}},"loc":{"start":{"line":2,"column":23},"end":{"line":7,"column":3}},"line":2},"2":{"name":"(anonymous_2)","decl":{"start":{"line":3,"column":23},"end":{"line":3,"column":24}},"loc":{"start":{"line":3,"column":32},"end":{"line":6,"column":5}},"line":3}},"branchMap":{},"s":{"0":10,"1":80,"2":16,"3":0,"4":0},"f":{"0":80,"1":16,"2":0},"b":{},"_coverageSchema":"1a1c01bbd47fc00a2c39e90264f33305004495a9","hash":"8eff941af113179320262ffaa51aa00c2acb7794"}
,"/Users/fock/appworks/fastnote/backend/utils/inputValidation.js": {"path":"/Users/fock/appworks/fastnote/backend/utils/inputValidation.js","statementMap":{"0":{"start":{"line":5,"column":27},"end":{"line":7,"column":1}},"1":{"start":{"line":6,"column":2},"end":{"line":6,"column":71}},"2":{"start":{"line":9,"column":26},"end":{"line":11,"column":1}},"3":{"start":{"line":10,"column":2},"end":{"line":10,"column":45}},"4":{"start":{"line":13,"column":31},"end":{"line":19,"column":1}},"5":{"start":{"line":14,"column":15},"end":{"line":14,"column":40}},"6":{"start":{"line":15,"column":19},"end":{"line":15,"column":51}},"7":{"start":{"line":16,"column":2},"end":{"line":16,"column":29}},"8":{"start":{"line":16,"column":17},"end":{"line":16,"column":29}},"9":{"start":{"line":18,"column":2},"end":{"line":18,"column":42}}},"fnMap":{"0":{"name":"(anonymous_0)","decl":{"start":{"line":5,"column":27},"end":{"line":5,"column":28}},"loc":{"start":{"line":5,"column":39},"end":{"line":7,"column":1}},"line":5},"1":{"name":"(anonymous_1)","decl":{"start":{"line":9,"column":26},"end":{"line":9,"column":27}},"loc":{"start":{"line":9,"column":34},"end":{"line":11,"column":1}},"line":9},"2":{"name":"(anonymous_2)","decl":{"start":{"line":13,"column":31},"end":{"line":13,"column":32}},"loc":{"start":{"line":13,"column":64},"end":{"line":19,"column":1}},"line":13}},"branchMap":{"0":{"loc":{"start":{"line":6,"column":9},"end":{"line":6,"column":70}},"type":"binary-expr","locations":[{"start":{"line":6,"column":10},"end":{"line":6,"column":16}},{"start":{"line":6,"column":20},"end":{"line":6,"column":55}},{"start":{"line":6,"column":60},"end":{"line":6,"column":70}}],"line":6},"1":{"loc":{"start":{"line":16,"column":2},"end":{"line":16,"column":29}},"type":"if","locations":[{"start":{"line":16,"column":2},"end":{"line":16,"column":29}},{"start":{},"end":{}}],"line":16}},"s":{"0":10,"1":3,"2":10,"3":10,"4":10,"5":5,"6":5,"7":5,"8":1,"9":4},"f":{"0":3,"1":10,"2":5},"b":{"0":[3,2,2],"1":[1,4]},"_coverageSchema":"1a1c01bbd47fc00a2c39e90264f33305004495a9","hash":"f37031e9bcff70f5e98aeca8b9930375468c0f4c"}
,"/Users/fock/appworks/fastnote/backend/utils/jwt.js": {"path":"/Users/fock/appworks/fastnote/backend/utils/jwt.js","statementMap":{"0":{"start":{"line":3,"column":22},"end":{"line":5,"column":1}},"1":{"start":{"line":4,"column":2},"end":{"line":4,"column":51}},"2":{"start":{"line":7,"column":20},"end":{"line":8,"column":52}},"3":{"start":{"line":8,"column":2},"end":{"line":8,"column":52}}},"fnMap":{"0":{"name":"(anonymous_0)","decl":{"start":{"line":3,"column":22},"end":{"line":3,"column":23}},"loc":{"start":{"line":3,"column":33},"end":{"line":5,"column":1}},"line":3},"1":{"name":"(anonymous_1)","decl":{"start":{"line":7,"column":20},"end":{"line":7,"column":21}},"loc":{"start":{"line":8,"column":2},"end":{"line":8,"column":52}},"line":8}},"branchMap":{},"s":{"0":10,"1":18,"2":10,"3":10},"f":{"0":18,"1":10},"b":{},"_coverageSchema":"1a1c01bbd47fc00a2c39e90264f33305004495a9","hash":"6e7d3a227d4947f3ecc261142ad16d94fede5ce1"}
,"/Users/fock/appworks/fastnote/backend/utils/multer.js": {"path":"/Users/fock/appworks/fastnote/backend/utils/multer.js","statementMap":{"0":{"start":{"line":3,"column":16},"end":{"line":3,"column":38}},"1":{"start":{"line":5,"column":15},"end":{"line":5,"column":43}},"2":{"start":{"line":6,"column":27},"end":{"line":6,"column":49}}},"fnMap":{},"branchMap":{},"s":{"0":10,"1":10,"2":10},"f":{},"b":{},"_coverageSchema":"1a1c01bbd47fc00a2c39e90264f33305004495a9","hash":"793fb553233722725e3f71535ed984dd3f872d04"}
,"/Users/fock/appworks/fastnote/backend/utils/uploadS3.js": {"path":"/Users/fock/appworks/fastnote/backend/utils/uploadS3.js","statementMap":{"0":{"start":{"line":11,"column":0},"end":{"line":11,"column":16}},"1":{"start":{"line":13,"column":19},"end":{"line":13,"column":46}},"2":{"start":{"line":14,"column":15},"end":{"line":14,"column":44}},"3":{"start":{"line":15,"column":20},"end":{"line":15,"column":46}},"4":{"start":{"line":16,"column":24},"end":{"line":16,"column":57}},"5":{"start":{"line":18,"column":17},"end":{"line":24,"column":2}},"6":{"start":{"line":26,"column":25},"end":{"line":29,"column":1}},"7":{"start":{"line":27,"column":20},"end":{"line":27,"column":30}},"8":{"start":{"line":28,"column":2},"end":{"line":28,"column":45}},"9":{"start":{"line":31,"column":26},"end":{"line":45,"column":1}},"10":{"start":{"line":32,"column":19},"end":{"line":32,"column":41}},"11":{"start":{"line":34,"column":23},"end":{"line":40,"column":3}},"12":{"start":{"line":42,"column":2},"end":{"line":42,"column":58}},"13":{"start":{"line":44,"column":2},"end":{"line":44,"column":18}},"14":{"start":{"line":47,"column":32},"end":{"line":56,"column":1}},"15":{"start":{"line":48,"column":2},"end":{"line":55,"column":4}},"16":{"start":{"line":58,"column":28},"end":{"line":65,"column":1}},"17":{"start":{"line":59,"column":23},"end":{"line":62,"column":3}},"18":{"start":{"line":64,"column":2},"end":{"line":64,"column":62}}},"fnMap":{"0":{"name":"(anonymous_0)","decl":{"start":{"line":26,"column":25},"end":{"line":26,"column":26}},"loc":{"start":{"line":26,"column":35},"end":{"line":29,"column":1}},"line":26},"1":{"name":"(anonymous_1)","decl":{"start":{"line":31,"column":26},"end":{"line":31,"column":27}},"loc":{"start":{"line":31,"column":42},"end":{"line":45,"column":1}},"line":31},"2":{"name":"(anonymous_2)","decl":{"start":{"line":47,"column":32},"end":{"line":47,"column":33}},"loc":{"start":{"line":47,"column":53},"end":{"line":56,"column":1}},"line":47},"3":{"name":"(anonymous_3)","decl":{"start":{"line":58,"column":28},"end":{"line":58,"column":29}},"loc":{"start":{"line":58,"column":49},"end":{"line":65,"column":1}},"line":58}},"branchMap":{},"s":{"0":10,"1":10,"2":10,"3":10,"4":10,"5":10,"6":10,"7":0,"8":0,"9":10,"10":0,"11":0,"12":0,"13":0,"14":10,"15":0,"16":10,"17":0,"18":0},"f":{"0":0,"1":0,"2":0,"3":0},"b":{},"_coverageSchema":"1a1c01bbd47fc00a2c39e90264f33305004495a9","hash":"4f2b8705cb0c9802cb09dd4bb8aebc1f72118626"}
}
