TN:
SF:app.js
FN:39,(anonymous_0)
FNF:1
FNH:0
FNDA:0,(anonymous_0)
DA:14,10
DA:15,10
DA:16,10
DA:18,10
DA:19,10
DA:20,10
DA:23,10
DA:24,10
DA:25,10
DA:26,10
DA:27,10
DA:30,10
DA:36,10
DA:38,10
DA:39,0
DA:40,0
LF:16
LH:14
BRDA:36,0,0,10
BRDA:36,0,1,0
BRDA:38,1,0,0
BRDA:38,1,1,10
BRF:4
BRH:2
end_of_record
TN:
SF:configs/Configs.js
FNF:0
FNH:0
DA:1,10
DA:2,10
DA:3,10
DA:4,10
DA:8,10
LF:5
LH:5
BRF:0
BRH:0
end_of_record
TN:
SF:controllers/documents.js
FN:12,(anonymous_0)
FN:25,(anonymous_1)
FN:38,(anonymous_2)
FN:56,(anonymous_3)
FN:65,(anonymous_4)
FN:85,(anonymous_5)
FN:99,(anonymous_6)
FN:106,(anonymous_7)
FNF:8
FNH:8
FNDA:3,(anonymous_0)
FNDA:1,(anonymous_1)
FNDA:2,(anonymous_2)
FNDA:2,(anonymous_3)
FNDA:3,(anonymous_4)
FNDA:2,(anonymous_5)
FNDA:1,(anonymous_6)
FNDA:2,(anonymous_7)
DA:12,10
DA:14,3
DA:15,3
DA:16,1
DA:19,2
DA:21,2
DA:25,10
DA:26,1
DA:27,1
DA:29,1
DA:30,1
DA:31,0
DA:34,1
DA:38,10
DA:39,2
DA:40,2
DA:41,2
DA:43,2
DA:44,2
DA:45,1
DA:48,1
DA:49,1
DA:51,0
DA:56,10
DA:57,2
DA:58,2
DA:60,2
DA:61,2
DA:65,10
DA:66,3
DA:69,3
DA:70,3
DA:71,1
DA:73,2
DA:74,1
DA:76,1
DA:77,1
DA:79,1
DA:85,10
DA:86,2
DA:89,2
DA:90,2
DA:91,2
DA:92,1
DA:95,1
DA:99,10
DA:100,1
DA:101,1
DA:102,1
DA:106,10
DA:107,2
DA:108,2
DA:110,2
DA:111,1
DA:114,1
DA:116,1
LF:56
LH:54
BRDA:15,0,0,1
BRDA:15,0,1,2
BRDA:30,1,0,0
BRDA:30,1,1,1
BRDA:44,2,0,1
BRDA:44,2,1,1
BRDA:70,3,0,1
BRDA:70,3,1,2
BRDA:73,4,0,1
BRDA:73,4,1,1
BRDA:77,5,0,0
BRDA:77,5,1,1
BRDA:91,6,0,1
BRDA:91,6,1,1
BRDA:108,7,0,1
BRDA:110,8,0,1
BRDA:110,8,1,1
BRF:17
BRH:15
end_of_record
TN:
SF:controllers/healthCheck.js
FN:1,(anonymous_0)
FN:11,(anonymous_1)
FNF:2
FNH:2
FNDA:4,(anonymous_0)
FNDA:2,(anonymous_1)
DA:1,10
DA:2,4
DA:4,4
DA:7,4
DA:8,4
DA:11,10
DA:12,2
LF:7
LH:7
BRDA:4,0,0,4
BRDA:4,0,1,4
BRF:2
BRH:2
end_of_record
TN:
SF:controllers/images.js
FN:3,(anonymous_0)
FNF:1
FNH:0
FNDA:0,(anonymous_0)
DA:3,10
DA:4,0
DA:5,0
DA:7,0
DA:8,0
DA:9,0
DA:12,0
DA:17,0
LF:8
LH:1
BRF:0
BRH:0
end_of_record
TN:
SF:controllers/users.js
FN:5,(anonymous_0)
FNF:1
FNH:0
FNDA:0,(anonymous_0)
DA:5,10
DA:6,0
DA:7,0
DA:8,0
LF:4
LH:1
BRF:0
BRH:0
end_of_record
TN:
SF:middleware/Authentication.js
FN:7,(anonymous_0)
FN:23,(anonymous_1)
FN:62,(anonymous_2)
FN:75,(anonymous_3)
FN:98,(anonymous_4)
FNF:5
FNH:1
FNDA:0,(anonymous_0)
FNDA:0,(anonymous_1)
FNDA:0,(anonymous_2)
FNDA:24,(anonymous_3)
FNDA:0,(anonymous_4)
DA:2,10
DA:7,10
DA:8,0
DA:9,0
DA:10,0
DA:11,0
DA:12,0
DA:14,0
DA:15,0
DA:16,0
DA:17,0
DA:19,0
DA:23,10
DA:24,0
DA:25,0
DA:37,0
DA:40,0
DA:44,0
DA:48,0
DA:49,0
DA:53,0
DA:54,0
DA:55,0
DA:59,0
DA:62,10
DA:63,0
DA:64,0
DA:65,0
DA:66,0
DA:67,0
DA:68,0
DA:70,0
DA:71,0
DA:75,10
DA:76,24
DA:78,24
DA:79,6
DA:81,18
DA:83,18
DA:85,18
DA:88,18
DA:91,18
DA:93,0
DA:94,0
DA:98,10
DA:99,0
DA:100,0
DA:101,0
DA:103,0
DA:105,0
DA:106,0
DA:111,0
DA:114,0
DA:115,0
LF:54
LH:14
BRDA:9,0,0,0
BRDA:9,0,1,0
BRDA:40,1,0,0
BRDA:40,1,1,0
BRDA:41,2,0,0
BRDA:41,2,1,0
BRDA:48,3,0,0
BRDA:48,3,1,0
BRDA:54,4,0,0
BRDA:54,4,1,0
BRDA:78,5,0,6
BRDA:78,5,1,18
BRDA:99,6,0,0
BRDA:99,6,1,0
BRDA:105,7,0,0
BRDA:105,7,1,0
BRF:16
BRH:2
end_of_record
TN:
SF:middleware/RateLimit.js
FN:4,(anonymous_0)
FN:42,(anonymous_1)
FN:60,(anonymous_2)
FNF:3
FNH:2
FNDA:30,(anonymous_0)
FNDA:30,(anonymous_1)
FNDA:0,(anonymous_2)
DA:4,10
DA:5,30
DA:6,30
DA:7,30
DA:8,30
DA:9,30
DA:11,30
DA:12,30
DA:13,30
DA:16,0
DA:17,0
DA:18,0
DA:20,0
DA:22,0
DA:25,0
DA:28,0
DA:32,0
DA:36,0
DA:40,10
DA:42,10
DA:43,30
DA:44,30
DA:45,30
DA:46,30
DA:47,30
DA:48,20
DA:49,20
DA:51,20
DA:52,0
DA:54,20
DA:55,20
DA:58,10
DA:60,10
DA:61,0
DA:64,10
LF:35
LH:24
BRDA:11,0,0,30
BRDA:11,0,1,0
BRDA:16,1,0,0
BRDA:16,1,1,0
BRDA:20,2,0,0
BRDA:20,2,1,0
BRDA:47,3,0,20
BRDA:47,3,1,10
BRDA:51,4,0,0
BRDA:51,4,1,20
BRF:10
BRH:4
end_of_record
TN:
SF:middleware/validateObjectId.js
FN:4,(anonymous_0)
FNF:1
FNH:1
FNDA:10,(anonymous_0)
DA:4,10
DA:5,10
DA:6,10
DA:7,2
DA:10,8
LF:5
LH:5
BRDA:6,0,0,2
BRDA:6,0,1,8
BRF:2
BRH:2
end_of_record
TN:
SF:models/Document.js
FNF:0
FNH:0
DA:3,10
DA:16,10
LF:2
LH:2
BRF:0
BRH:0
end_of_record
TN:
SF:models/Paragraph.js
FNF:0
FNH:0
DA:3,10
DA:18,10
LF:2
LH:2
BRF:0
BRH:0
end_of_record
TN:
SF:models/User.js
FNF:0
FNH:0
DA:3,10
DA:12,10
LF:2
LH:2
BRF:0
BRH:0
end_of_record
TN:
SF:routes/document.js
FNF:0
FNH:0
DA:16,10
DA:18,10
DA:19,10
DA:24,10
DA:29,10
DA:36,10
LF:6
LH:6
BRF:0
BRH:0
end_of_record
TN:
SF:routes/image.js
FNF:0
FNH:0
DA:6,10
DA:8,10
DA:10,10
LF:3
LH:3
BRF:0
BRH:0
end_of_record
TN:
SF:routes/user.js
FNF:0
FNH:0
DA:9,10
DA:10,10
DA:11,10
DA:12,10
LF:4
LH:4
BRF:0
BRH:0
end_of_record
TN:
SF:services/documents/createDoc.js
FN:7,(anonymous_0)
FNF:1
FNH:1
FNDA:2,(anonymous_0)
DA:7,10
DA:8,2
DA:9,2
DA:11,2
DA:13,2
LF:5
LH:5
BRF:0
BRH:0
end_of_record
TN:
SF:services/documents/deleteDoc.js
FN:6,(anonymous_0)
FNF:1
FNH:1
FNDA:1,(anonymous_0)
DA:6,10
DA:8,1
DA:10,1
DA:13,1
DA:16,1
DA:19,1
DA:21,1
LF:7
LH:7
BRDA:10,0,0,0
BRDA:10,0,1,1
BRF:2
BRH:1
end_of_record
TN:
SF:services/documents/fetchTags.js
FN:7,(anonymous_0)
FN:14,(anonymous_1)
FNF:2
FNH:2
FNDA:1,(anonymous_0)
FNDA:4,(anonymous_1)
DA:7,10
DA:8,1
DA:14,4
DA:15,1
LF:4
LH:4
BRF:0
BRH:0
end_of_record
TN:
SF:services/documents/findDoc.js
FN:7,(anonymous_0)
FN:21,(anonymous_1)
FN:26,(anonymous_2)
FNF:3
FNH:3
FNDA:9,(anonymous_0)
FNDA:5,(anonymous_1)
FNDA:9,(anonymous_2)
DA:7,10
DA:8,9
DA:10,9
DA:11,5
DA:12,5
DA:13,0
DA:17,9
DA:18,9
DA:21,10
DA:22,5
DA:23,5
DA:26,10
DA:27,9
DA:32,9
DA:33,8
DA:36,9
LF:16
LH:15
BRDA:10,0,0,5
BRDA:10,0,1,4
BRDA:12,1,0,0
BRDA:12,1,1,5
BRDA:23,2,0,0
BRDA:23,2,1,5
BRDA:32,3,0,8
BRDA:32,3,1,1
BRF:8
BRH:6
end_of_record
TN:
SF:services/documents/findDocs.js
FN:7,(anonymous_0)
FN:42,(anonymous_1)
FN:49,(anonymous_2)
FN:55,(anonymous_3)
FN:61,(anonymous_4)
FN:162,(anonymous_5)
FNF:6
FNH:5
FNDA:2,(anonymous_0)
FNDA:2,(anonymous_1)
FNDA:2,(anonymous_2)
FNDA:0,(anonymous_3)
FNDA:2,(anonymous_4)
FNDA:2,(anonymous_5)
DA:7,10
DA:15,2
DA:16,2
DA:18,2
DA:19,2
DA:20,2
DA:23,2
DA:25,2
DA:26,2
DA:27,2
DA:29,2
DA:34,2
DA:35,2
DA:38,2
DA:42,10
DA:43,2
DA:44,2
DA:45,2
DA:49,10
DA:50,2
DA:51,2
DA:52,2
DA:53,2
DA:54,2
DA:55,0
DA:57,2
DA:61,10
DA:62,2
DA:64,0
DA:162,10
DA:163,2
LF:31
LH:29
BRDA:8,0,0,1
BRDA:9,1,0,2
BRDA:15,2,0,2
BRDA:15,2,1,2
BRDA:15,2,2,2
BRDA:18,3,0,2
BRDA:18,3,1,0
BRDA:20,4,0,0
BRDA:20,4,1,2
BRDA:23,5,0,1
BRDA:23,5,1,1
BRDA:34,6,0,2
BRDA:34,6,1,0
BRDA:43,7,0,0
BRDA:43,7,1,2
BRDA:44,8,0,0
BRDA:44,8,1,2
BRDA:51,9,0,2
BRDA:51,9,1,0
BRDA:52,10,0,0
BRDA:52,10,1,2
BRDA:53,11,0,0
BRDA:53,11,1,2
BRDA:54,12,0,0
BRDA:54,12,1,2
BRDA:62,13,0,2
BRDA:62,13,1,0
BRDA:166,14,0,1
BRDA:166,14,1,1
BRF:29
BRH:19
end_of_record
TN:
SF:services/documents/sendSummaryJob.js
FN:13,(anonymous_0)
FNF:1
FNH:1
FNDA:1,(anonymous_0)
DA:4,10
DA:10,10
DA:13,10
DA:19,1
DA:20,1
DA:30,1
DA:31,1
DA:32,1
DA:34,0
LF:9
LH:8
BRF:0
BRH:0
end_of_record
TN:
SF:services/documents/summarizeDoc.js
FN:7,(anonymous_0)
FN:12,(anonymous_1)
FN:15,(anonymous_2)
FN:35,(anonymous_3)
FN:37,(anonymous_4)
FN:46,(anonymous_5)
FNF:6
FNH:6
FNDA:2,(anonymous_0)
FNDA:3,(anonymous_1)
FNDA:1,(anonymous_2)
FNDA:1,(anonymous_3)
FNDA:1,(anonymous_4)
FNDA:2,(anonymous_5)
DA:7,10
DA:8,2
DA:9,2
DA:11,2
DA:12,3
DA:14,2
DA:15,1
DA:18,2
DA:19,1
DA:22,1
DA:25,1
DA:27,1
DA:29,0
DA:30,0
DA:35,10
DA:36,1
DA:37,1
DA:39,1
DA:46,10
DA:47,2
DA:48,2
LF:21
LH:19
BRDA:18,0,0,1
BRDA:18,0,1,1
BRF:2
BRH:2
end_of_record
TN:
SF:services/documents/updateDoc.js
FN:11,(anonymous_0)
FN:39,(anonymous_1)
FN:52,(anonymous_2)
FN:66,(anonymous_3)
FN:79,(anonymous_4)
FNF:5
FNH:2
FNDA:1,(anonymous_0)
FNDA:0,(anonymous_1)
FNDA:1,(anonymous_2)
FNDA:0,(anonymous_3)
FNDA:0,(anonymous_4)
DA:11,10
DA:12,1
DA:15,1
DA:17,1
DA:18,1
DA:21,0
DA:22,0
DA:25,0
DA:26,0
DA:29,0
DA:30,0
DA:34,1
DA:35,1
DA:39,10
DA:40,0
DA:47,0
DA:48,0
DA:52,10
DA:53,1
DA:55,1
DA:62,1
DA:66,10
DA:67,0
DA:68,0
DA:70,0
DA:75,0
DA:79,10
DA:80,0
DA:81,0
DA:86,0
LF:30
LH:14
BRDA:15,0,0,1
BRDA:15,0,1,0
BRDA:15,0,2,0
BRDA:15,0,3,0
BRF:4
BRH:1
end_of_record
TN:
SF:services/documents/updateTag.js
FN:4,(anonymous_0)
FN:12,(anonymous_1)
FNF:2
FNH:2
FNDA:1,(anonymous_0)
FNDA:2,(anonymous_1)
DA:4,10
DA:6,1
DA:12,2
DA:15,1
DA:21,1
DA:22,1
LF:6
LH:6
BRDA:21,0,0,1
BRDA:21,0,1,0
BRF:2
BRH:1
end_of_record
TN:
SF:services/users/fetchUser.js
FN:7,(anonymous_0)
FNF:1
FNH:1
FNDA:5,(anonymous_0)
DA:7,10
DA:8,5
DA:9,5
DA:10,5
DA:11,5
DA:12,0
DA:15,5
DA:16,5
DA:17,0
DA:18,0
DA:20,5
DA:22,5
LF:12
LH:9
BRDA:11,0,0,0
BRDA:11,0,1,5
BRDA:16,1,0,0
BRDA:16,1,1,5
BRF:4
BRH:2
end_of_record
TN:
SF:utils/cache.js
FN:11,(anonymous_0)
FN:18,(anonymous_1)
FN:33,(anonymous_2)
FN:46,(anonymous_3)
FN:62,(anonymous_4)
FN:75,(anonymous_5)
FNF:6
FNH:6
FNDA:66,(anonymous_0)
FNDA:65,(anonymous_1)
FNDA:15,(anonymous_2)
FNDA:42,(anonymous_3)
FNDA:9,(anonymous_4)
FNDA:3,(anonymous_5)
DA:3,10
DA:4,10
DA:7,10
DA:9,10
DA:11,10
DA:12,66
DA:14,65
DA:18,65
DA:19,65
DA:20,65
DA:21,65
DA:24,65
DA:25,65
DA:26,65
DA:28,0
DA:29,0
DA:33,10
DA:34,15
DA:35,15
DA:36,15
DA:38,0
DA:39,0
DA:41,0
DA:42,0
DA:46,10
DA:47,42
DA:48,42
DA:49,42
DA:51,2
DA:52,0
DA:53,0
DA:55,0
DA:57,2
DA:58,2
DA:62,10
DA:63,9
DA:64,9
DA:65,9
DA:67,1
DA:68,0
DA:70,1
DA:71,1
DA:75,10
DA:77,3
DA:78,3
DA:79,9
LF:46
LH:36
BRDA:4,0,0,0
BRDA:4,0,1,10
BRDA:12,1,0,1
BRDA:12,1,1,65
BRDA:33,2,0,0
BRDA:36,3,0,15
BRDA:36,3,1,0
BRDA:49,4,0,40
BRDA:49,4,1,2
BRDA:52,5,0,0
BRDA:52,5,1,0
BRDA:52,6,0,0
BRDA:52,6,1,0
BRDA:55,7,0,0
BRDA:55,7,1,0
BRDA:65,8,0,8
BRDA:65,8,1,1
BRF:17
BRH:8
end_of_record
TN:
SF:utils/database.js
FN:3,(anonymous_0)
FNF:1
FNH:1
FNDA:18,(anonymous_0)
DA:3,10
DA:4,18
DA:5,18
DA:6,18
DA:8,18
DA:12,16
DA:14,0
DA:15,0
LF:8
LH:6
BRDA:6,0,0,18
BRDA:6,0,1,0
BRF:2
BRH:1
end_of_record
TN:
SF:utils/errorHandling.js
FN:1,(anonymous_0)
FN:2,(anonymous_1)
FN:3,(anonymous_2)
FNF:3
FNH:2
FNDA:80,(anonymous_0)
FNDA:16,(anonymous_1)
FNDA:0,(anonymous_2)
DA:1,10
DA:2,80
DA:3,16
DA:4,0
DA:5,0
LF:5
LH:3
BRF:0
BRH:0
end_of_record
TN:
SF:utils/inputValidation.js
FN:5,(anonymous_0)
FN:9,(anonymous_1)
FN:13,(anonymous_2)
FNF:3
FNH:3
FNDA:3,(anonymous_0)
FNDA:10,(anonymous_1)
FNDA:5,(anonymous_2)
DA:5,10
DA:6,3
DA:9,10
DA:10,10
DA:13,10
DA:14,5
DA:15,5
DA:16,5
DA:18,4
LF:9
LH:9
BRDA:6,0,0,3
BRDA:6,0,1,2
BRDA:6,0,2,2
BRDA:16,1,0,1
BRDA:16,1,1,4
BRF:5
BRH:5
end_of_record
TN:
SF:utils/jwt.js
FN:3,(anonymous_0)
FN:7,(anonymous_1)
FNF:2
FNH:2
FNDA:18,(anonymous_0)
FNDA:10,(anonymous_1)
DA:3,10
DA:4,18
DA:7,10
DA:8,10
LF:4
LH:4
BRF:0
BRH:0
end_of_record
TN:
SF:utils/multer.js
FNF:0
FNH:0
DA:3,10
DA:5,10
DA:6,10
LF:3
LH:3
BRF:0
BRH:0
end_of_record
TN:
SF:utils/uploadS3.js
FN:26,(anonymous_0)
FN:31,(anonymous_1)
FN:47,(anonymous_2)
FN:58,(anonymous_3)
FNF:4
FNH:0
FNDA:0,(anonymous_0)
FNDA:0,(anonymous_1)
FNDA:0,(anonymous_2)
FNDA:0,(anonymous_3)
DA:11,10
DA:13,10
DA:14,10
DA:15,10
DA:16,10
DA:18,10
DA:26,10
DA:27,0
DA:28,0
DA:31,10
DA:32,0
DA:34,0
DA:42,0
DA:44,0
DA:47,10
DA:48,0
DA:58,10
DA:59,0
DA:64,0
LF:19
LH:10
BRF:0
BRH:0
end_of_record
